[10:35:57 24/07/2025] [DEBUG] Request authentication | Meta: {"url":"/","method":"GET","isAuthenticated":true,"isAdmin":true,"userId":"687e0335b9faef90ec9bd13e","cartCount":0,"favoritesCount":0}
[10:35:57 24/07/2025] [DEBUG] Request authentication | Meta: {"url":"/admin/dashboard","method":"GET","isAuthenticated":true,"isAdmin":true,"userId":"687e0335b9faef90ec9bd13e","cartCount":0,"favoritesCount":0}
[10:36:03 24/07/2025] [DEBUG] Request authentication | Meta: {"url":"/admin/orders","method":"GET","isAuthenticated":true,"isAdmin":true,"userId":"687e0335b9faef90ec9bd13e","cartCount":0,"favoritesCount":0}
[10:36:37 24/07/2025] [DEBUG] Request authentication | Meta: {"url":"/auth/logout","method":"POST","isAuthenticated":true,"isAdmin":true,"userId":"687e0335b9faef90ec9bd13e","cartCount":0,"favoritesCount":0}
[10:36:37 24/07/2025] [DEBUG] Request authentication | Meta: {"url":"/?logout=success","method":"GET","isAuthenticated":false,"userId":null,"cartCount":0,"favoritesCount":0}
[10:37:22 24/07/2025] [DEBUG] Request authentication | Meta: {"url":"/auth/login","method":"GET","isAuthenticated":false,"userId":null,"cartCount":0,"favoritesCount":0}
[10:37:25 24/07/2025] [DEBUG] Request authentication | Meta: {"url":"/auth/forgot-password","method":"GET","isAuthenticated":false,"userId":null,"cartCount":0,"favoritesCount":0}
[10:37:57 24/07/2025] [DEBUG] Request authentication | Meta: {"url":"/auth/forgot-password","method":"POST","isAuthenticated":false,"userId":null,"cartCount":0,"favoritesCount":0}
[10:38:54 24/07/2025] [DEBUG] Request authentication | Meta: {"url":"/auth/login","method":"GET","isAuthenticated":false,"userId":null,"cartCount":0,"favoritesCount":0}
[10:39:01 24/07/2025] [DEBUG] Request authentication | Meta: {"url":"/auth/login","method":"GET","isAuthenticated":false,"userId":null,"cartCount":0,"favoritesCount":0}
[10:39:17 24/07/2025] [DEBUG] Request authentication | Meta: {"url":"/auth/login","method":"POST","isAuthenticated":false,"userId":null,"cartCount":0,"favoritesCount":0}
[10:39:17 24/07/2025] [DEBUG] Request authentication | Meta: {"url":"/","method":"GET","isAuthenticated":true,"isAdmin":false,"userId":"6880cf13c0a45f7cb0564636","cartCount":0,"favoritesCount":1}
[10:39:49 24/07/2025] [DEBUG] Request authentication | Meta: {"url":"/products/687d87faa05db36ab7179d41","method":"GET","isAuthenticated":true,"isAdmin":false,"userId":"6880cf13c0a45f7cb0564636","cartCount":0,"favoritesCount":1}
[10:39:50 24/07/2025] [DEBUG] Request authentication | Meta: {"url":"/check-stock","method":"POST","isAuthenticated":true,"isAdmin":false,"userId":"6880cf13c0a45f7cb0564636","cartCount":0,"favoritesCount":1}
[10:39:58 24/07/2025] [DEBUG] Request authentication | Meta: {"url":"/cart/add","method":"POST","isAuthenticated":true,"isAdmin":false,"userId":"6880cf13c0a45f7cb0564636","cartCount":0,"favoritesCount":1}
[10:40:03 24/07/2025] [DEBUG] Request authentication | Meta: {"url":"/cart","method":"GET","isAuthenticated":true,"isAdmin":false,"userId":"6880cf13c0a45f7cb0564636","cartCount":2,"favoritesCount":1}
[10:40:09 24/07/2025] [DEBUG] Request authentication | Meta: {"url":"/cart-update-quantity","method":"POST","isAuthenticated":true,"isAdmin":false,"userId":"6880cf13c0a45f7cb0564636","cartCount":2,"favoritesCount":1}
[10:40:10 24/07/2025] [DEBUG] Request authentication | Meta: {"url":"/cart-update-quantity","method":"POST","isAuthenticated":true,"isAdmin":false,"userId":"6880cf13c0a45f7cb0564636","cartCount":3,"favoritesCount":1}
[10:40:11 24/07/2025] [DEBUG] Request authentication | Meta: {"url":"/cart-update-quantity","method":"POST","isAuthenticated":true,"isAdmin":false,"userId":"6880cf13c0a45f7cb0564636","cartCount":2,"favoritesCount":1}
[10:40:13 24/07/2025] [DEBUG] Request authentication | Meta: {"url":"/cart-update-quantity","method":"POST","isAuthenticated":true,"isAdmin":false,"userId":"6880cf13c0a45f7cb0564636","cartCount":1,"favoritesCount":1}
[10:40:19 24/07/2025] [DEBUG] Request authentication | Meta: {"url":"/cart-update-quantity","method":"POST","isAuthenticated":true,"isAdmin":false,"userId":"6880cf13c0a45f7cb0564636","cartCount":2,"favoritesCount":1}
[10:40:22 24/07/2025] [DEBUG] Request authentication | Meta: {"url":"/cart-update-quantity","method":"POST","isAuthenticated":true,"isAdmin":false,"userId":"6880cf13c0a45f7cb0564636","cartCount":1,"favoritesCount":1}
[10:40:22 24/07/2025] [DEBUG] Request authentication | Meta: {"url":"/cart-update-quantity","method":"POST","isAuthenticated":true,"isAdmin":false,"userId":"6880cf13c0a45f7cb0564636","cartCount":2,"favoritesCount":1}
[10:40:24 24/07/2025] [DEBUG] Request authentication | Meta: {"url":"/cart-update-quantity","method":"POST","isAuthenticated":true,"isAdmin":false,"userId":"6880cf13c0a45f7cb0564636","cartCount":3,"favoritesCount":1}
[10:40:30 24/07/2025] [DEBUG] Request authentication | Meta: {"url":"/checkout","method":"GET","isAuthenticated":true,"isAdmin":false,"userId":"6880cf13c0a45f7cb0564636","cartCount":2,"favoritesCount":1}
[10:40:57 24/07/2025] [DEBUG] Request authentication | Meta: {"url":"/auth/login","method":"POST","isAuthenticated":true,"isAdmin":false,"userId":"6880cf13c0a45f7cb0564636","cartCount":2,"favoritesCount":1}
[10:40:58 24/07/2025] [DEBUG] Request authentication | Meta: {"url":"/admin/dashboard","method":"GET","isAuthenticated":true,"isAdmin":true,"userId":"687e0335b9faef90ec9bd13e","cartCount":2,"favoritesCount":0}
[10:41:01 24/07/2025] [DEBUG] Request authentication | Meta: {"url":"/admin/coupons","method":"GET","isAuthenticated":true,"isAdmin":true,"userId":"687e0335b9faef90ec9bd13e","cartCount":2,"favoritesCount":0}
[10:41:15 24/07/2025] [DEBUG] Request authentication | Meta: {"url":"/validate-coupon","method":"POST","isAuthenticated":true,"isAdmin":true,"userId":"687e0335b9faef90ec9bd13e","cartCount":2,"favoritesCount":0}
[10:41:29 24/07/2025] [DEBUG] Request authentication | Meta: {"url":"/orders","method":"POST","isAuthenticated":true,"isAdmin":true,"userId":"687e0335b9faef90ec9bd13e","cartCount":2,"favoritesCount":0}
[10:42:09 24/07/2025] [DEBUG] Request authentication | Meta: {"url":"/vnpay/return?vnp_Amount=85500000&vnp_BankCode=NCB&vnp_BankTranNo=VNP15095741&vnp_CardType=ATM&vnp_OrderInfo=Thanh+to%C3%A1n+%C4%91%C6%A1n+h%C3%A0ng+6881ab6a4fa932c04b18974e&vnp_PayDate=20250724104307&vnp_ResponseCode=00&vnp_TmnCode=UWXDEI4Q&vnp_TransactionNo=15095741&vnp_TransactionStatus=00&vnp_TxnRef=6881ab6a4fa932c04b18974e&vnp_SecureHash=fec90659f60152a910e79ab8575d136925dbaecde44141b4391c423cfcd184cf2a19bf5b994856fc48b2fb45c0eb5a3a29df50c89151dde637437b4d01b7cce1","method":"GET","isAuthenticated":true,"isAdmin":true,"userId":"687e0335b9faef90ec9bd13e","cartCount":0,"favoritesCount":0}
[10:42:13 24/07/2025] [DEBUG] Request authentication | Meta: {"url":"/favicon.ico","method":"GET","isAuthenticated":true,"isAdmin":true,"userId":"687e0335b9faef90ec9bd13e","cartCount":0,"favoritesCount":0}
[10:42:23 24/07/2025] [DEBUG] Request authentication | Meta: {"url":"/auth/orders","method":"GET","isAuthenticated":true,"isAdmin":true,"userId":"687e0335b9faef90ec9bd13e","cartCount":0,"favoritesCount":0}
[10:42:25 24/07/2025] [DEBUG] Request authentication | Meta: {"url":"/auth/orders/6881ab6a4fa932c04b18974e","method":"GET","isAuthenticated":true,"isAdmin":true,"userId":"687e0335b9faef90ec9bd13e","cartCount":0,"favoritesCount":0}
[10:42:44 24/07/2025] [DEBUG] Request authentication | Meta: {"url":"/auth/orders","method":"GET","isAuthenticated":true,"isAdmin":true,"userId":"687e0335b9faef90ec9bd13e","cartCount":0,"favoritesCount":0}
[10:43:01 24/07/2025] [DEBUG] Request authentication | Meta: {"url":"/auth/logout","method":"POST","isAuthenticated":true,"isAdmin":true,"userId":"687e0335b9faef90ec9bd13e","cartCount":0,"favoritesCount":0}
[10:43:01 24/07/2025] [DEBUG] Request authentication | Meta: {"url":"/?logout=success","method":"GET","isAuthenticated":false,"userId":null,"cartCount":0,"favoritesCount":0}
[10:43:06 24/07/2025] [DEBUG] Request authentication | Meta: {"url":"/?logout=success","method":"GET","isAuthenticated":false,"userId":null,"cartCount":0,"favoritesCount":0}
[10:43:07 24/07/2025] [DEBUG] Request authentication | Meta: {"url":"/","method":"GET","isAuthenticated":false,"userId":null,"cartCount":0,"favoritesCount":0}
[10:43:09 24/07/2025] [DEBUG] Request authentication | Meta: {"url":"/auth/login","method":"GET","isAuthenticated":false,"userId":null,"cartCount":0,"favoritesCount":0}
[10:43:13 24/07/2025] [DEBUG] Request authentication | Meta: {"url":"/auth/login","method":"POST","isAuthenticated":false,"userId":null,"cartCount":0,"favoritesCount":0}
[10:43:14 24/07/2025] [DEBUG] Request authentication | Meta: {"url":"/admin/dashboard","method":"GET","isAuthenticated":true,"isAdmin":true,"userId":"687e0335b9faef90ec9bd13e","cartCount":0,"favoritesCount":0}
[10:43:29 24/07/2025] [DEBUG] Request authentication | Meta: {"url":"/","method":"GET","isAuthenticated":true,"isAdmin":true,"userId":"687e0335b9faef90ec9bd13e","cartCount":0,"favoritesCount":0}
[10:43:29 24/07/2025] [DEBUG] Request authentication | Meta: {"url":"/admin/dashboard","method":"GET","isAuthenticated":true,"isAdmin":true,"userId":"687e0335b9faef90ec9bd13e","cartCount":0,"favoritesCount":0}
[10:43:35 24/07/2025] [DEBUG] Request authentication | Meta: {"url":"/admin/coupons","method":"GET","isAuthenticated":true,"isAdmin":true,"userId":"687e0335b9faef90ec9bd13e","cartCount":0,"favoritesCount":0}
[10:43:49 24/07/2025] [DEBUG] Request authentication | Meta: {"url":"/admin/orders","method":"GET","isAuthenticated":true,"isAdmin":true,"userId":"687e0335b9faef90ec9bd13e","cartCount":0,"favoritesCount":0}
[10:43:52 24/07/2025] [DEBUG] Request authentication | Meta: {"url":"/admin/orders/6881ab6a4fa932c04b18974e","method":"GET","isAuthenticated":true,"isAdmin":true,"userId":"687e0335b9faef90ec9bd13e","cartCount":0,"favoritesCount":0}
[10:43:54 24/07/2025] [DEBUG] Request authentication | Meta: {"url":"/admin/orders","method":"GET","isAuthenticated":true,"isAdmin":true,"userId":"687e0335b9faef90ec9bd13e","cartCount":0,"favoritesCount":0}
[10:43:59 24/07/2025] [DEBUG] Request authentication | Meta: {"url":"/admin/orders/6881ab6a4fa932c04b18974e","method":"GET","isAuthenticated":true,"isAdmin":true,"userId":"687e0335b9faef90ec9bd13e","cartCount":0,"favoritesCount":0}
[10:44:01 24/07/2025] [DEBUG] Request authentication | Meta: {"url":"/admin/orders/6881ab6a4fa932c04b18974e/update-status","method":"POST","isAuthenticated":true,"isAdmin":true,"userId":"687e0335b9faef90ec9bd13e","cartCount":0,"favoritesCount":0}
[10:44:05 24/07/2025] [DEBUG] Request authentication | Meta: {"url":"/admin/orders/6881ab6a4fa932c04b18974e","method":"GET","isAuthenticated":true,"isAdmin":true,"userId":"687e0335b9faef90ec9bd13e","cartCount":0,"favoritesCount":0}
[10:44:19 24/07/2025] [DEBUG] Request authentication | Meta: {"url":"/admin/orders/6881ab6a4fa932c04b18974e/update-status","method":"POST","isAuthenticated":true,"isAdmin":true,"userId":"687e0335b9faef90ec9bd13e","cartCount":0,"favoritesCount":0}
[10:44:23 24/07/2025] [DEBUG] Request authentication | Meta: {"url":"/admin/orders/6881ab6a4fa932c04b18974e","method":"GET","isAuthenticated":true,"isAdmin":true,"userId":"687e0335b9faef90ec9bd13e","cartCount":0,"favoritesCount":0}
[10:45:30 24/07/2025] [DEBUG] Request authentication | Meta: {"url":"/admin/orders/6881ab6a4fa932c04b18974e/update-status","method":"POST","isAuthenticated":true,"isAdmin":true,"userId":"687e0335b9faef90ec9bd13e","cartCount":0,"favoritesCount":0}
[10:45:31 24/07/2025] [DEBUG] Request authentication | Meta: {"url":"/admin/orders/6881ab6a4fa932c04b18974e","method":"GET","isAuthenticated":true,"isAdmin":true,"userId":"687e0335b9faef90ec9bd13e","cartCount":0,"favoritesCount":0}
[10:46:38 24/07/2025] [DEBUG] Request authentication | Meta: {"url":"/admin/orders/6881ab6a4fa932c04b18974e/download-invoice","method":"GET","isAuthenticated":true,"isAdmin":true,"userId":"687e0335b9faef90ec9bd13e","cartCount":0,"favoritesCount":0}
[10:47:00 24/07/2025] [DEBUG] Request authentication | Meta: {"url":"/admin/coupons","method":"GET","isAuthenticated":true,"isAdmin":true,"userId":"687e0335b9faef90ec9bd13e","cartCount":0,"favoritesCount":0}
[10:47:16 24/07/2025] [DEBUG] Request authentication | Meta: {"url":"/admin/orders","method":"GET","isAuthenticated":true,"isAdmin":true,"userId":"687e0335b9faef90ec9bd13e","cartCount":0,"favoritesCount":0}
[10:47:22 24/07/2025] [DEBUG] Request authentication | Meta: {"url":"/admin/orders/6881a698c80704b27d1ef500","method":"GET","isAuthenticated":true,"isAdmin":true,"userId":"687e0335b9faef90ec9bd13e","cartCount":0,"favoritesCount":0}
[10:47:24 24/07/2025] [DEBUG] Request authentication | Meta: {"url":"/admin/orders/6881a698c80704b27d1ef500/update-status","method":"POST","isAuthenticated":true,"isAdmin":true,"userId":"687e0335b9faef90ec9bd13e","cartCount":0,"favoritesCount":0}
[10:47:28 24/07/2025] [DEBUG] Request authentication | Meta: {"url":"/admin/orders/6881a698c80704b27d1ef500","method":"GET","isAuthenticated":true,"isAdmin":true,"userId":"687e0335b9faef90ec9bd13e","cartCount":0,"favoritesCount":0}
[10:47:30 24/07/2025] [DEBUG] Request authentication | Meta: {"url":"/admin/orders/6881a698c80704b27d1ef500/update-status","method":"POST","isAuthenticated":true,"isAdmin":true,"userId":"687e0335b9faef90ec9bd13e","cartCount":0,"favoritesCount":0}
[10:47:34 24/07/2025] [DEBUG] Request authentication | Meta: {"url":"/admin/orders/6881a698c80704b27d1ef500","method":"GET","isAuthenticated":true,"isAdmin":true,"userId":"687e0335b9faef90ec9bd13e","cartCount":0,"favoritesCount":0}
[10:47:41 24/07/2025] [DEBUG] Request authentication | Meta: {"url":"/admin/orders/6881a698c80704b27d1ef500/update-status","method":"POST","isAuthenticated":true,"isAdmin":true,"userId":"687e0335b9faef90ec9bd13e","cartCount":0,"favoritesCount":0}
[10:47:43 24/07/2025] [DEBUG] Request authentication | Meta: {"url":"/admin/orders/6881a698c80704b27d1ef500","method":"GET","isAuthenticated":true,"isAdmin":true,"userId":"687e0335b9faef90ec9bd13e","cartCount":0,"favoritesCount":0}
[10:47:49 24/07/2025] [DEBUG] Request authentication | Meta: {"url":"/admin/orders","method":"GET","isAuthenticated":true,"isAdmin":true,"userId":"687e0335b9faef90ec9bd13e","cartCount":0,"favoritesCount":0}
[10:47:56 24/07/2025] [DEBUG] Request authentication | Meta: {"url":"/admin/orders/6880da8ec0a45f7cb056470d","method":"GET","isAuthenticated":true,"isAdmin":true,"userId":"687e0335b9faef90ec9bd13e","cartCount":0,"favoritesCount":0}
[10:47:59 24/07/2025] [DEBUG] Request authentication | Meta: {"url":"/admin/orders","method":"GET","isAuthenticated":true,"isAdmin":true,"userId":"687e0335b9faef90ec9bd13e","cartCount":0,"favoritesCount":0}
[10:48:03 24/07/2025] [DEBUG] Request authentication | Meta: {"url":"/admin/orders/688056384d273e6649becf26","method":"GET","isAuthenticated":true,"isAdmin":true,"userId":"687e0335b9faef90ec9bd13e","cartCount":0,"favoritesCount":0}
[10:48:05 24/07/2025] [DEBUG] Request authentication | Meta: {"url":"/admin/orders/688056384d273e6649becf26/update-status","method":"POST","isAuthenticated":true,"isAdmin":true,"userId":"687e0335b9faef90ec9bd13e","cartCount":0,"favoritesCount":0}
[10:48:07 24/07/2025] [DEBUG] Request authentication | Meta: {"url":"/admin/orders/688056384d273e6649becf26","method":"GET","isAuthenticated":true,"isAdmin":true,"userId":"687e0335b9faef90ec9bd13e","cartCount":0,"favoritesCount":0}
[10:48:24 24/07/2025] [DEBUG] Request authentication | Meta: {"url":"/admin/orders","method":"GET","isAuthenticated":true,"isAdmin":true,"userId":"687e0335b9faef90ec9bd13e","cartCount":0,"favoritesCount":0}
[10:48:34 24/07/2025] [DEBUG] Request authentication | Meta: {"url":"/auth/logout","method":"POST","isAuthenticated":true,"isAdmin":true,"userId":"687e0335b9faef90ec9bd13e","cartCount":0,"favoritesCount":0}
[10:48:34 24/07/2025] [DEBUG] Request authentication | Meta: {"url":"/?logout=success","method":"GET","isAuthenticated":false,"userId":null,"cartCount":0,"favoritesCount":0}
[10:48:39 24/07/2025] [DEBUG] Request authentication | Meta: {"url":"/auth/login","method":"GET","isAuthenticated":false,"userId":null,"cartCount":0,"favoritesCount":0}
[10:48:42 24/07/2025] [DEBUG] Request authentication | Meta: {"url":"/auth/login","method":"POST","isAuthenticated":false,"userId":null,"cartCount":0,"favoritesCount":0}
[10:48:43 24/07/2025] [DEBUG] Request authentication | Meta: {"url":"/","method":"GET","isAuthenticated":true,"isAdmin":false,"userId":"6880cf13c0a45f7cb0564636","cartCount":0,"favoritesCount":1}
[10:48:49 24/07/2025] [DEBUG] Request authentication | Meta: {"url":"/products/687d87faa05db36ab7179d41","method":"GET","isAuthenticated":true,"isAdmin":false,"userId":"6880cf13c0a45f7cb0564636","cartCount":0,"favoritesCount":1}
[10:48:50 24/07/2025] [DEBUG] Request authentication | Meta: {"url":"/check-stock","method":"POST","isAuthenticated":true,"isAdmin":false,"userId":"6880cf13c0a45f7cb0564636","cartCount":0,"favoritesCount":1}
[10:48:55 24/07/2025] [DEBUG] Request authentication | Meta: {"url":"/products","method":"GET","isAuthenticated":true,"isAdmin":false,"userId":"6880cf13c0a45f7cb0564636","cartCount":0,"favoritesCount":1}
[10:49:00 24/07/2025] [DEBUG] Request authentication | Meta: {"url":"/products/687d87faa05db36ab7179d3f","method":"GET","isAuthenticated":true,"isAdmin":false,"userId":"6880cf13c0a45f7cb0564636","cartCount":0,"favoritesCount":1}
[10:49:01 24/07/2025] [DEBUG] Request authentication | Meta: {"url":"/check-stock","method":"POST","isAuthenticated":true,"isAdmin":false,"userId":"6880cf13c0a45f7cb0564636","cartCount":0,"favoritesCount":1}
[10:49:03 24/07/2025] [DEBUG] Request authentication | Meta: {"url":"/cart/add","method":"POST","isAuthenticated":true,"isAdmin":false,"userId":"6880cf13c0a45f7cb0564636","cartCount":0,"favoritesCount":1}
[10:49:04 24/07/2025] [DEBUG] Request authentication | Meta: {"url":"/cart","method":"GET","isAuthenticated":true,"isAdmin":false,"userId":"6880cf13c0a45f7cb0564636","cartCount":2,"favoritesCount":1}
[10:49:06 24/07/2025] [DEBUG] Request authentication | Meta: {"url":"/checkout","method":"GET","isAuthenticated":true,"isAdmin":false,"userId":"6880cf13c0a45f7cb0564636","cartCount":2,"favoritesCount":1}
[10:49:22 24/07/2025] [DEBUG] Request authentication | Meta: {"url":"/validate-coupon","method":"POST","isAuthenticated":true,"isAdmin":false,"userId":"6880cf13c0a45f7cb0564636","cartCount":2,"favoritesCount":1}
[10:49:25 24/07/2025] [DEBUG] Request authentication | Meta: {"url":"/orders","method":"POST","isAuthenticated":true,"isAdmin":false,"userId":"6880cf13c0a45f7cb0564636","cartCount":2,"favoritesCount":1}
[10:49:26 24/07/2025] [DEBUG] Request authentication | Meta: {"url":"/payment-success/6881ad451c29f85a38f57a5e","method":"GET","isAuthenticated":true,"isAdmin":false,"userId":"6880cf13c0a45f7cb0564636","cartCount":0,"favoritesCount":1}
[10:49:32 24/07/2025] [DEBUG] Request authentication | Meta: {"url":"/products","method":"GET","isAuthenticated":true,"isAdmin":false,"userId":"6880cf13c0a45f7cb0564636","cartCount":0,"favoritesCount":1}
[10:49:35 24/07/2025] [DEBUG] Request authentication | Meta: {"url":"/products/687d87faa05db36ab7179d3f","method":"GET","isAuthenticated":true,"isAdmin":false,"userId":"6880cf13c0a45f7cb0564636","cartCount":0,"favoritesCount":1}
[10:49:37 24/07/2025] [DEBUG] Request authentication | Meta: {"url":"/check-stock","method":"POST","isAuthenticated":true,"isAdmin":false,"userId":"6880cf13c0a45f7cb0564636","cartCount":0,"favoritesCount":1}
[10:49:38 24/07/2025] [DEBUG] Request authentication | Meta: {"url":"/cart/add","method":"POST","isAuthenticated":true,"isAdmin":false,"userId":"6880cf13c0a45f7cb0564636","cartCount":0,"favoritesCount":1}
[10:49:41 24/07/2025] [DEBUG] Request authentication | Meta: {"url":"/cart","method":"GET","isAuthenticated":true,"isAdmin":false,"userId":"6880cf13c0a45f7cb0564636","cartCount":2,"favoritesCount":1}
[10:49:45 24/07/2025] [DEBUG] Request authentication | Meta: {"url":"/checkout","method":"GET","isAuthenticated":true,"isAdmin":false,"userId":"6880cf13c0a45f7cb0564636","cartCount":2,"favoritesCount":1}
[10:49:58 24/07/2025] [DEBUG] Request authentication | Meta: {"url":"/validate-coupon","method":"POST","isAuthenticated":true,"isAdmin":false,"userId":"6880cf13c0a45f7cb0564636","cartCount":2,"favoritesCount":1}
[10:50:02 24/07/2025] [DEBUG] Request authentication | Meta: {"url":"/orders","method":"POST","isAuthenticated":true,"isAdmin":false,"userId":"6880cf13c0a45f7cb0564636","cartCount":2,"favoritesCount":1}
[10:50:40 24/07/2025] [DEBUG] Request authentication | Meta: {"url":"/vnpay/return?vnp_Amount=32500000&vnp_BankCode=NCB&vnp_BankTranNo=VNP15095777&vnp_CardType=ATM&vnp_OrderInfo=Thanh+to%C3%A1n+%C4%91%C6%A1n+h%C3%A0ng+6881ad6a1c29f85a38f57a6b&vnp_PayDate=20250724105138&vnp_ResponseCode=00&vnp_TmnCode=UWXDEI4Q&vnp_TransactionNo=15095777&vnp_TransactionStatus=00&vnp_TxnRef=6881ad6a1c29f85a38f57a6b&vnp_SecureHash=f72b95195035d6343fb8e9c55ad5d3a5cd8986c9aca2872ed9da2e611c347807a87640e6f010138853c57138482f626697c255974e419687b5085b0bbab64d2f","method":"GET","isAuthenticated":true,"isAdmin":false,"userId":"6880cf13c0a45f7cb0564636","cartCount":0,"favoritesCount":1}
[10:50:48 24/07/2025] [DEBUG] Request authentication | Meta: {"url":"/auth/logout","method":"POST","isAuthenticated":true,"isAdmin":false,"userId":"6880cf13c0a45f7cb0564636","cartCount":0,"favoritesCount":1}
[10:50:48 24/07/2025] [DEBUG] Request authentication | Meta: {"url":"/?logout=success","method":"GET","isAuthenticated":false,"userId":null,"cartCount":0,"favoritesCount":0}
[10:50:51 24/07/2025] [DEBUG] Request authentication | Meta: {"url":"/auth/login","method":"GET","isAuthenticated":false,"userId":null,"cartCount":0,"favoritesCount":0}
[10:50:54 24/07/2025] [DEBUG] Request authentication | Meta: {"url":"/auth/login","method":"POST","isAuthenticated":false,"userId":null,"cartCount":0,"favoritesCount":0}
[10:50:55 24/07/2025] [DEBUG] Request authentication | Meta: {"url":"/admin/dashboard","method":"GET","isAuthenticated":true,"isAdmin":true,"userId":"687e0335b9faef90ec9bd13e","cartCount":0,"favoritesCount":0}
[10:51:33 24/07/2025] [DEBUG] Request authentication | Meta: {"url":"/admin/orders","method":"GET","isAuthenticated":true,"isAdmin":true,"userId":"687e0335b9faef90ec9bd13e","cartCount":0,"favoritesCount":0}
[10:51:37 24/07/2025] [DEBUG] Request authentication | Meta: {"url":"/admin/orders/6881ad6a1c29f85a38f57a6b","method":"GET","isAuthenticated":true,"isAdmin":true,"userId":"687e0335b9faef90ec9bd13e","cartCount":0,"favoritesCount":0}
[10:51:39 24/07/2025] [DEBUG] Request authentication | Meta: {"url":"/admin/orders/6881ad6a1c29f85a38f57a6b/update-status","method":"POST","isAuthenticated":true,"isAdmin":true,"userId":"687e0335b9faef90ec9bd13e","cartCount":0,"favoritesCount":0}
[10:51:43 24/07/2025] [DEBUG] Request authentication | Meta: {"url":"/admin/orders/6881ad6a1c29f85a38f57a6b","method":"GET","isAuthenticated":true,"isAdmin":true,"userId":"687e0335b9faef90ec9bd13e","cartCount":0,"favoritesCount":0}
[10:51:47 24/07/2025] [DEBUG] Request authentication | Meta: {"url":"/admin/orders/6881ad6a1c29f85a38f57a6b/update-status","method":"POST","isAuthenticated":true,"isAdmin":true,"userId":"687e0335b9faef90ec9bd13e","cartCount":0,"favoritesCount":0}
[10:51:51 24/07/2025] [DEBUG] Request authentication | Meta: {"url":"/admin/orders/6881ad6a1c29f85a38f57a6b","method":"GET","isAuthenticated":true,"isAdmin":true,"userId":"687e0335b9faef90ec9bd13e","cartCount":0,"favoritesCount":0}
[10:52:12 24/07/2025] [DEBUG] Request authentication | Meta: {"url":"/admin/orders/6881ad6a1c29f85a38f57a6b/update-status","method":"POST","isAuthenticated":true,"isAdmin":true,"userId":"687e0335b9faef90ec9bd13e","cartCount":0,"favoritesCount":0}
[10:52:13 24/07/2025] [DEBUG] Request authentication | Meta: {"url":"/admin/orders/6881ad6a1c29f85a38f57a6b","method":"GET","isAuthenticated":true,"isAdmin":true,"userId":"687e0335b9faef90ec9bd13e","cartCount":0,"favoritesCount":0}
[10:55:09 24/07/2025] [DEBUG] Request authentication | Meta: {"url":"/admin/orders","method":"GET","isAuthenticated":true,"isAdmin":true,"userId":"687e0335b9faef90ec9bd13e","cartCount":0,"favoritesCount":0}
[10:55:28 24/07/2025] [DEBUG] Request authentication | Meta: {"url":"/admin/orders/6881ad451c29f85a38f57a5e","method":"GET","isAuthenticated":true,"isAdmin":true,"userId":"687e0335b9faef90ec9bd13e","cartCount":0,"favoritesCount":0}
[10:55:36 24/07/2025] [DEBUG] Request authentication | Meta: {"url":"/admin/orders/6881ad451c29f85a38f57a5e/update-status","method":"POST","isAuthenticated":true,"isAdmin":true,"userId":"687e0335b9faef90ec9bd13e","cartCount":0,"favoritesCount":0}
[10:55:40 24/07/2025] [DEBUG] Request authentication | Meta: {"url":"/admin/orders/6881ad451c29f85a38f57a5e","method":"GET","isAuthenticated":true,"isAdmin":true,"userId":"687e0335b9faef90ec9bd13e","cartCount":0,"favoritesCount":0}
[10:55:44 24/07/2025] [DEBUG] Request authentication | Meta: {"url":"/admin/orders/6881ad451c29f85a38f57a5e/update-status","method":"POST","isAuthenticated":true,"isAdmin":true,"userId":"687e0335b9faef90ec9bd13e","cartCount":0,"favoritesCount":0}
[10:55:48 24/07/2025] [DEBUG] Request authentication | Meta: {"url":"/admin/orders/6881ad451c29f85a38f57a5e","method":"GET","isAuthenticated":true,"isAdmin":true,"userId":"687e0335b9faef90ec9bd13e","cartCount":0,"favoritesCount":0}
[10:55:58 24/07/2025] [DEBUG] Request authentication | Meta: {"url":"/admin/orders/6881ad451c29f85a38f57a5e/update-status","method":"POST","isAuthenticated":true,"isAdmin":true,"userId":"687e0335b9faef90ec9bd13e","cartCount":0,"favoritesCount":0}
[10:55:59 24/07/2025] [DEBUG] Request authentication | Meta: {"url":"/admin/orders/6881ad451c29f85a38f57a5e","method":"GET","isAuthenticated":true,"isAdmin":true,"userId":"687e0335b9faef90ec9bd13e","cartCount":0,"favoritesCount":0}
[10:57:21 24/07/2025] [DEBUG] Request authentication | Meta: {"url":"/.well-known/appspecific/com.chrome.devtools.json","method":"GET","isAuthenticated":true,"isAdmin":true,"userId":"687e0335b9faef90ec9bd13e","cartCount":0,"favoritesCount":0}
[10:58:53 24/07/2025] [DEBUG] Request authentication | Meta: {"url":"/auth/logout","method":"POST","isAuthenticated":true,"isAdmin":true,"userId":"687e0335b9faef90ec9bd13e","cartCount":0,"favoritesCount":0}
[10:58:54 24/07/2025] [DEBUG] Request authentication | Meta: {"url":"/?logout=success","method":"GET","isAuthenticated":false,"userId":null,"cartCount":0,"favoritesCount":0}
[10:59:00 24/07/2025] [DEBUG] Request authentication | Meta: {"url":"/products/687d87faa05db36ab7179d3e","method":"GET","isAuthenticated":false,"userId":null,"cartCount":0,"favoritesCount":0}
[10:59:01 24/07/2025] [DEBUG] Request authentication | Meta: {"url":"/check-stock","method":"POST","isAuthenticated":false,"userId":null,"cartCount":0,"favoritesCount":0}
[10:59:03 24/07/2025] [DEBUG] Request authentication | Meta: {"url":"/cart/add","method":"POST","isAuthenticated":false,"userId":null,"cartCount":0,"favoritesCount":0}
[10:59:08 24/07/2025] [DEBUG] Request authentication | Meta: {"url":"/cart","method":"GET","isAuthenticated":false,"userId":null,"cartCount":2,"favoritesCount":0}
[10:59:10 24/07/2025] [DEBUG] Request authentication | Meta: {"url":"/auth/login","method":"GET","isAuthenticated":false,"userId":null,"cartCount":2,"favoritesCount":0}
[10:59:14 24/07/2025] [DEBUG] Request authentication | Meta: {"url":"/auth/login","method":"POST","isAuthenticated":false,"userId":null,"cartCount":2,"favoritesCount":0}
[10:59:15 24/07/2025] [DEBUG] Request authentication | Meta: {"url":"/","method":"GET","isAuthenticated":true,"isAdmin":false,"userId":"6880cf13c0a45f7cb0564636","cartCount":2,"favoritesCount":1}
[10:59:17 24/07/2025] [DEBUG] Request authentication | Meta: {"url":"/cart","method":"GET","isAuthenticated":true,"isAdmin":false,"userId":"6880cf13c0a45f7cb0564636","cartCount":2,"favoritesCount":1}
[10:59:19 24/07/2025] [DEBUG] Request authentication | Meta: {"url":"/checkout","method":"GET","isAuthenticated":true,"isAdmin":false,"userId":"6880cf13c0a45f7cb0564636","cartCount":2,"favoritesCount":1}
[11:00:04 24/07/2025] [DEBUG] Request authentication | Meta: {"url":"/validate-coupon","method":"POST","isAuthenticated":true,"isAdmin":false,"userId":"6880cf13c0a45f7cb0564636","cartCount":2,"favoritesCount":1}
[11:00:08 24/07/2025] [DEBUG] Request authentication | Meta: {"url":"/orders","method":"POST","isAuthenticated":true,"isAdmin":false,"userId":"6880cf13c0a45f7cb0564636","cartCount":2,"favoritesCount":1}
[11:00:09 24/07/2025] [DEBUG] Request authentication | Meta: {"url":"/payment-success/6881afc8d3f493598e20a262","method":"GET","isAuthenticated":true,"isAdmin":false,"userId":"6880cf13c0a45f7cb0564636","cartCount":0,"favoritesCount":1}
[11:00:14 24/07/2025] [DEBUG] Request authentication | Meta: {"url":"/products","method":"GET","isAuthenticated":true,"isAdmin":false,"userId":"6880cf13c0a45f7cb0564636","cartCount":0,"favoritesCount":1}
[11:02:41 24/07/2025] [DEBUG] Request authentication | Meta: {"url":"/products/687d87faa05db36ab7179d3e","method":"GET","isAuthenticated":true,"isAdmin":false,"userId":"6880cf13c0a45f7cb0564636","cartCount":0,"favoritesCount":1}
[11:02:42 24/07/2025] [DEBUG] Request authentication | Meta: {"url":"/check-stock","method":"POST","isAuthenticated":true,"isAdmin":false,"userId":"6880cf13c0a45f7cb0564636","cartCount":0,"favoritesCount":1}
[11:02:44 24/07/2025] [DEBUG] Request authentication | Meta: {"url":"/cart/add","method":"POST","isAuthenticated":true,"isAdmin":false,"userId":"6880cf13c0a45f7cb0564636","cartCount":0,"favoritesCount":1}
[11:02:51 24/07/2025] [DEBUG] Request authentication | Meta: {"url":"/cart","method":"GET","isAuthenticated":true,"isAdmin":false,"userId":"6880cf13c0a45f7cb0564636","cartCount":2,"favoritesCount":1}
[11:02:53 24/07/2025] [DEBUG] Request authentication | Meta: {"url":"/checkout","method":"GET","isAuthenticated":true,"isAdmin":false,"userId":"6880cf13c0a45f7cb0564636","cartCount":2,"favoritesCount":1}
[11:03:05 24/07/2025] [DEBUG] Request authentication | Meta: {"url":"/validate-coupon","method":"POST","isAuthenticated":true,"isAdmin":false,"userId":"6880cf13c0a45f7cb0564636","cartCount":2,"favoritesCount":1}
[11:03:09 24/07/2025] [DEBUG] Request authentication | Meta: {"url":"/orders","method":"POST","isAuthenticated":true,"isAdmin":false,"userId":"6880cf13c0a45f7cb0564636","cartCount":2,"favoritesCount":1}
[11:03:44 24/07/2025] [DEBUG] Request authentication | Meta: {"url":"/vnpay/return?vnp_Amount=77500000&vnp_BankCode=NCB&vnp_BankTranNo=VNP15095826&vnp_CardType=ATM&vnp_OrderInfo=Thanh+to%C3%A1n+%C4%91%C6%A1n+h%C3%A0ng+6881b07dd3f493598e20a26f&vnp_PayDate=20250724110437&vnp_ResponseCode=00&vnp_TmnCode=UWXDEI4Q&vnp_TransactionNo=15095826&vnp_TransactionStatus=00&vnp_TxnRef=6881b07dd3f493598e20a26f&vnp_SecureHash=bbb0625f26a6160de0eb80fced837516086188fddd7be24070aab747496256d718f0b8522e2c647a12ae9210d9b64cb85ddc7fd1cf6cba91c5cbe9f521d57046","method":"GET","isAuthenticated":true,"isAdmin":false,"userId":"6880cf13c0a45f7cb0564636","cartCount":0,"favoritesCount":1}
[11:03:50 24/07/2025] [DEBUG] Request authentication | Meta: {"url":"/auth/orders","method":"GET","isAuthenticated":true,"isAdmin":false,"userId":"6880cf13c0a45f7cb0564636","cartCount":0,"favoritesCount":1}
[11:03:52 24/07/2025] [DEBUG] Request authentication | Meta: {"url":"/auth/orders/6881b07dd3f493598e20a26f","method":"GET","isAuthenticated":true,"isAdmin":false,"userId":"6880cf13c0a45f7cb0564636","cartCount":0,"favoritesCount":1}
[11:03:59 24/07/2025] [DEBUG] Request authentication | Meta: {"url":"/auth/orders","method":"GET","isAuthenticated":true,"isAdmin":false,"userId":"6880cf13c0a45f7cb0564636","cartCount":0,"favoritesCount":1}
[11:04:03 24/07/2025] [DEBUG] Request authentication | Meta: {"url":"/auth/logout","method":"POST","isAuthenticated":true,"isAdmin":false,"userId":"6880cf13c0a45f7cb0564636","cartCount":0,"favoritesCount":1}
[11:04:03 24/07/2025] [DEBUG] Request authentication | Meta: {"url":"/?logout=success","method":"GET","isAuthenticated":false,"userId":null,"cartCount":0,"favoritesCount":0}
[11:04:14 24/07/2025] [DEBUG] Request authentication | Meta: {"url":"/auth/login","method":"GET","isAuthenticated":false,"userId":null,"cartCount":0,"favoritesCount":0}
[11:04:19 24/07/2025] [DEBUG] Request authentication | Meta: {"url":"/auth/login","method":"POST","isAuthenticated":false,"userId":null,"cartCount":0,"favoritesCount":0}
[11:04:20 24/07/2025] [DEBUG] Request authentication | Meta: {"url":"/admin/dashboard","method":"GET","isAuthenticated":true,"isAdmin":true,"userId":"687e0335b9faef90ec9bd13e","cartCount":0,"favoritesCount":0}
[11:04:24 24/07/2025] [DEBUG] Request authentication | Meta: {"url":"/admin/orders","method":"GET","isAuthenticated":true,"isAdmin":true,"userId":"687e0335b9faef90ec9bd13e","cartCount":0,"favoritesCount":0}
[11:05:44 24/07/2025] [DEBUG] Request authentication | Meta: {"url":"/admin/orders","method":"GET","isAuthenticated":true,"isAdmin":true,"userId":"687e0335b9faef90ec9bd13e","cartCount":0,"favoritesCount":0}
[11:05:47 24/07/2025] [DEBUG] Request authentication | Meta: {"url":"/admin/orders/6881b07dd3f493598e20a26f","method":"GET","isAuthenticated":true,"isAdmin":true,"userId":"687e0335b9faef90ec9bd13e","cartCount":0,"favoritesCount":0}
[11:05:57 24/07/2025] [DEBUG] Request authentication | Meta: {"url":"/.well-known/appspecific/com.chrome.devtools.json","method":"GET","isAuthenticated":true,"isAdmin":true,"userId":"687e0335b9faef90ec9bd13e","cartCount":0,"favoritesCount":0}
[11:06:01 24/07/2025] [DEBUG] Request authentication | Meta: {"url":"/admin/orders/6881b07dd3f493598e20a26f/update-status","method":"POST","isAuthenticated":true,"isAdmin":true,"userId":"687e0335b9faef90ec9bd13e","cartCount":0,"favoritesCount":0}
[11:06:05 24/07/2025] [DEBUG] Request authentication | Meta: {"url":"/admin/orders/6881b07dd3f493598e20a26f","method":"GET","isAuthenticated":true,"isAdmin":true,"userId":"687e0335b9faef90ec9bd13e","cartCount":0,"favoritesCount":0}
[11:06:06 24/07/2025] [DEBUG] Request authentication | Meta: {"url":"/.well-known/appspecific/com.chrome.devtools.json","method":"GET","isAuthenticated":true,"isAdmin":true,"userId":"687e0335b9faef90ec9bd13e","cartCount":0,"favoritesCount":0}
[11:06:12 24/07/2025] [DEBUG] Request authentication | Meta: {"url":"/admin/orders/6881b07dd3f493598e20a26f/update-status","method":"POST","isAuthenticated":true,"isAdmin":true,"userId":"687e0335b9faef90ec9bd13e","cartCount":0,"favoritesCount":0}
[11:06:16 24/07/2025] [DEBUG] Request authentication | Meta: {"url":"/admin/orders/6881b07dd3f493598e20a26f","method":"GET","isAuthenticated":true,"isAdmin":true,"userId":"687e0335b9faef90ec9bd13e","cartCount":0,"favoritesCount":0}
[11:06:16 24/07/2025] [DEBUG] Request authentication | Meta: {"url":"/.well-known/appspecific/com.chrome.devtools.json","method":"GET","isAuthenticated":true,"isAdmin":true,"userId":"687e0335b9faef90ec9bd13e","cartCount":0,"favoritesCount":0}
[11:06:22 24/07/2025] [DEBUG] Request authentication | Meta: {"url":"/admin/orders/6881b07dd3f493598e20a26f/update-status","method":"POST","isAuthenticated":true,"isAdmin":true,"userId":"687e0335b9faef90ec9bd13e","cartCount":0,"favoritesCount":0}
[11:06:24 24/07/2025] [DEBUG] Request authentication | Meta: {"url":"/admin/orders/6881b07dd3f493598e20a26f","method":"GET","isAuthenticated":true,"isAdmin":true,"userId":"687e0335b9faef90ec9bd13e","cartCount":0,"favoritesCount":0}
[11:06:24 24/07/2025] [DEBUG] Request authentication | Meta: {"url":"/.well-known/appspecific/com.chrome.devtools.json","method":"GET","isAuthenticated":true,"isAdmin":true,"userId":"687e0335b9faef90ec9bd13e","cartCount":0,"favoritesCount":0}
[11:08:24 24/07/2025] [DEBUG] Request authentication | Meta: {"url":"/admin/orders","method":"GET","isAuthenticated":true,"isAdmin":true,"userId":"687e0335b9faef90ec9bd13e","cartCount":0,"favoritesCount":0}
[11:08:26 24/07/2025] [DEBUG] Request authentication | Meta: {"url":"/admin/orders/6881afc8d3f493598e20a262","method":"GET","isAuthenticated":true,"isAdmin":true,"userId":"687e0335b9faef90ec9bd13e","cartCount":0,"favoritesCount":0}
[11:08:37 24/07/2025] [DEBUG] Request authentication | Meta: {"url":"/admin/orders/6881afc8d3f493598e20a262/update-status","method":"POST","isAuthenticated":true,"isAdmin":true,"userId":"687e0335b9faef90ec9bd13e","cartCount":0,"favoritesCount":0}
[11:08:40 24/07/2025] [DEBUG] Request authentication | Meta: {"url":"/admin/orders/6881afc8d3f493598e20a262","method":"GET","isAuthenticated":true,"isAdmin":true,"userId":"687e0335b9faef90ec9bd13e","cartCount":0,"favoritesCount":0}
[11:08:48 24/07/2025] [DEBUG] Request authentication | Meta: {"url":"/admin/orders/6881afc8d3f493598e20a262/update-status","method":"POST","isAuthenticated":true,"isAdmin":true,"userId":"687e0335b9faef90ec9bd13e","cartCount":0,"favoritesCount":0}
[11:08:50 24/07/2025] [DEBUG] Request authentication | Meta: {"url":"/admin/orders/6881afc8d3f493598e20a262/update-status","method":"POST","isAuthenticated":true,"isAdmin":true,"userId":"687e0335b9faef90ec9bd13e","cartCount":0,"favoritesCount":0}
[11:08:52 24/07/2025] [DEBUG] Request authentication | Meta: {"url":"/admin/orders/6881afc8d3f493598e20a262","method":"GET","isAuthenticated":true,"isAdmin":true,"userId":"687e0335b9faef90ec9bd13e","cartCount":0,"favoritesCount":0}
[11:08:53 24/07/2025] [DEBUG] Request authentication | Meta: {"url":"/.well-known/appspecific/com.chrome.devtools.json","method":"GET","isAuthenticated":true,"isAdmin":true,"userId":"687e0335b9faef90ec9bd13e","cartCount":0,"favoritesCount":0}
[11:09:24 24/07/2025] [DEBUG] Request authentication | Meta: {"url":"/admin/orders/6881afc8d3f493598e20a262/update-status","method":"POST","isAuthenticated":true,"isAdmin":true,"userId":"687e0335b9faef90ec9bd13e","cartCount":0,"favoritesCount":0}
[11:09:26 24/07/2025] [DEBUG] Request authentication | Meta: {"url":"/admin/orders/6881afc8d3f493598e20a262","method":"GET","isAuthenticated":true,"isAdmin":true,"userId":"687e0335b9faef90ec9bd13e","cartCount":0,"favoritesCount":0}
[11:09:26 24/07/2025] [DEBUG] Request authentication | Meta: {"url":"/.well-known/appspecific/com.chrome.devtools.json","method":"GET","isAuthenticated":true,"isAdmin":true,"userId":"687e0335b9faef90ec9bd13e","cartCount":0,"favoritesCount":0}
[11:13:51 24/07/2025] [DEBUG] Request authentication | Meta: {"url":"/admin/orders","method":"GET","isAuthenticated":true,"isAdmin":true,"userId":"687e0335b9faef90ec9bd13e","cartCount":0,"favoritesCount":0}
[11:13:54 24/07/2025] [DEBUG] Request authentication | Meta: {"url":"/admin/orders?page=2","method":"GET","isAuthenticated":true,"isAdmin":true,"userId":"687e0335b9faef90ec9bd13e","cartCount":0,"favoritesCount":0}
[11:13:58 24/07/2025] [DEBUG] Request authentication | Meta: {"url":"/admin/orders/687fc3a02851a7837d5e3ee5","method":"GET","isAuthenticated":true,"isAdmin":true,"userId":"687e0335b9faef90ec9bd13e","cartCount":0,"favoritesCount":0}
[11:14:01 24/07/2025] [DEBUG] Request authentication | Meta: {"url":"/admin/orders/687fc3a02851a7837d5e3ee5/update-status","method":"POST","isAuthenticated":true,"isAdmin":true,"userId":"687e0335b9faef90ec9bd13e","cartCount":0,"favoritesCount":0}
[11:14:03 24/07/2025] [DEBUG] Request authentication | Meta: {"url":"/admin/orders/687fc3a02851a7837d5e3ee5","method":"GET","isAuthenticated":true,"isAdmin":true,"userId":"687e0335b9faef90ec9bd13e","cartCount":0,"favoritesCount":0}
[11:14:04 24/07/2025] [DEBUG] Request authentication | Meta: {"url":"/admin/orders/687fc3a02851a7837d5e3ee5/update-status","method":"POST","isAuthenticated":true,"isAdmin":true,"userId":"687e0335b9faef90ec9bd13e","cartCount":0,"favoritesCount":0}
[11:14:06 24/07/2025] [DEBUG] Request authentication | Meta: {"url":"/admin/orders/687fc3a02851a7837d5e3ee5","method":"GET","isAuthenticated":true,"isAdmin":true,"userId":"687e0335b9faef90ec9bd13e","cartCount":0,"favoritesCount":0}
[11:22:38 24/07/2025] [DEBUG] Request authentication | Meta: {"url":"/admin/orders/687fc3a02851a7837d5e3ee5","method":"GET","isAuthenticated":true,"isAdmin":true,"userId":"687e0335b9faef90ec9bd13e","cartCount":0,"favoritesCount":0}
[11:22:42 24/07/2025] [DEBUG] Request authentication | Meta: {"url":"/admin/orders/687fc3a02851a7837d5e3ee5/update-status","method":"POST","isAuthenticated":true,"isAdmin":true,"userId":"687e0335b9faef90ec9bd13e","cartCount":0,"favoritesCount":0}
[11:22:43 24/07/2025] [DEBUG] Request authentication | Meta: {"url":"/admin/orders/687fc3a02851a7837d5e3ee5","method":"GET","isAuthenticated":true,"isAdmin":true,"userId":"687e0335b9faef90ec9bd13e","cartCount":0,"favoritesCount":0}
[11:23:12 24/07/2025] [DEBUG] Request authentication | Meta: {"url":"/auth/logout","method":"POST","isAuthenticated":true,"isAdmin":true,"userId":"687e0335b9faef90ec9bd13e","cartCount":0,"favoritesCount":0}
[11:23:13 24/07/2025] [DEBUG] Request authentication | Meta: {"url":"/?logout=success","method":"GET","isAuthenticated":false,"userId":null,"cartCount":0,"favoritesCount":0}
[11:23:15 24/07/2025] [DEBUG] Request authentication | Meta: {"url":"/auth/login","method":"GET","isAuthenticated":false,"userId":null,"cartCount":0,"favoritesCount":0}
[11:23:19 24/07/2025] [DEBUG] Request authentication | Meta: {"url":"/auth/login","method":"POST","isAuthenticated":false,"userId":null,"cartCount":0,"favoritesCount":0}
[11:23:20 24/07/2025] [DEBUG] Request authentication | Meta: {"url":"/","method":"GET","isAuthenticated":true,"isAdmin":false,"userId":"6880cf13c0a45f7cb0564636","cartCount":0,"favoritesCount":1}
[11:23:23 24/07/2025] [DEBUG] Request authentication | Meta: {"url":"/products/687d87faa05db36ab7179d3e","method":"GET","isAuthenticated":true,"isAdmin":false,"userId":"6880cf13c0a45f7cb0564636","cartCount":0,"favoritesCount":1}
[11:23:24 24/07/2025] [DEBUG] Request authentication | Meta: {"url":"/check-stock","method":"POST","isAuthenticated":true,"isAdmin":false,"userId":"6880cf13c0a45f7cb0564636","cartCount":0,"favoritesCount":1}
[11:23:26 24/07/2025] [DEBUG] Request authentication | Meta: {"url":"/cart/add","method":"POST","isAuthenticated":true,"isAdmin":false,"userId":"6880cf13c0a45f7cb0564636","cartCount":0,"favoritesCount":1}
[11:23:30 24/07/2025] [DEBUG] Request authentication | Meta: {"url":"/cart/add","method":"POST","isAuthenticated":true,"isAdmin":false,"userId":"6880cf13c0a45f7cb0564636","cartCount":2,"favoritesCount":1}
[11:23:33 24/07/2025] [DEBUG] Request authentication | Meta: {"url":"/cart/add","method":"POST","isAuthenticated":true,"isAdmin":false,"userId":"6880cf13c0a45f7cb0564636","cartCount":4,"favoritesCount":1}
[11:23:35 24/07/2025] [DEBUG] Request authentication | Meta: {"url":"/cart","method":"GET","isAuthenticated":true,"isAdmin":false,"userId":"6880cf13c0a45f7cb0564636","cartCount":6,"favoritesCount":1}
[11:23:37 24/07/2025] [DEBUG] Request authentication | Meta: {"url":"/cart-update-quantity","method":"POST","isAuthenticated":true,"isAdmin":false,"userId":"6880cf13c0a45f7cb0564636","cartCount":6,"favoritesCount":1}
[11:23:37 24/07/2025] [DEBUG] Request authentication | Meta: {"url":"/cart-update-quantity","method":"POST","isAuthenticated":true,"isAdmin":false,"userId":"6880cf13c0a45f7cb0564636","cartCount":6,"favoritesCount":1}
[11:23:37 24/07/2025] [DEBUG] Request authentication | Meta: {"url":"/cart-update-quantity","method":"POST","isAuthenticated":true,"isAdmin":false,"userId":"6880cf13c0a45f7cb0564636","cartCount":4,"favoritesCount":1}
[11:23:38 24/07/2025] [DEBUG] Request authentication | Meta: {"url":"/cart-update-quantity","method":"POST","isAuthenticated":true,"isAdmin":false,"userId":"6880cf13c0a45f7cb0564636","cartCount":3,"favoritesCount":1}
[11:23:43 24/07/2025] [DEBUG] Request authentication | Meta: {"url":"/cart-update-quantity","method":"POST","isAuthenticated":true,"isAdmin":false,"userId":"6880cf13c0a45f7cb0564636","cartCount":2,"favoritesCount":1}
[11:23:52 24/07/2025] [DEBUG] Request authentication | Meta: {"url":"/products","method":"GET","isAuthenticated":true,"isAdmin":false,"userId":"6880cf13c0a45f7cb0564636","cartCount":1,"favoritesCount":1}
[11:23:56 24/07/2025] [DEBUG] Request authentication | Meta: {"url":"/products/687d87faa05db36ab7179d3e","method":"GET","isAuthenticated":true,"isAdmin":false,"userId":"6880cf13c0a45f7cb0564636","cartCount":1,"favoritesCount":1}
[11:23:57 24/07/2025] [DEBUG] Request authentication | Meta: {"url":"/check-stock","method":"POST","isAuthenticated":true,"isAdmin":false,"userId":"6880cf13c0a45f7cb0564636","cartCount":1,"favoritesCount":1}
[11:23:58 24/07/2025] [DEBUG] Request authentication | Meta: {"url":"/cart/add","method":"POST","isAuthenticated":true,"isAdmin":false,"userId":"6880cf13c0a45f7cb0564636","cartCount":1,"favoritesCount":1}
[11:24:00 24/07/2025] [DEBUG] Request authentication | Meta: {"url":"/cart","method":"GET","isAuthenticated":true,"isAdmin":false,"userId":"6880cf13c0a45f7cb0564636","cartCount":2,"favoritesCount":1}
[11:24:06 24/07/2025] [DEBUG] Request authentication | Meta: {"url":"/cart-update-quantity","method":"POST","isAuthenticated":true,"isAdmin":false,"userId":"6880cf13c0a45f7cb0564636","cartCount":2,"favoritesCount":1}
[11:24:09 24/07/2025] [DEBUG] Request authentication | Meta: {"url":"/cart-update-quantity","method":"POST","isAuthenticated":true,"isAdmin":false,"userId":"6880cf13c0a45f7cb0564636","cartCount":1,"favoritesCount":1}
[11:24:09 24/07/2025] [DEBUG] Request authentication | Meta: {"url":"/cart-update-quantity","method":"POST","isAuthenticated":true,"isAdmin":false,"userId":"6880cf13c0a45f7cb0564636","cartCount":2,"favoritesCount":1}
[11:24:10 24/07/2025] [DEBUG] Request authentication | Meta: {"url":"/cart-update-quantity","method":"POST","isAuthenticated":true,"isAdmin":false,"userId":"6880cf13c0a45f7cb0564636","cartCount":3,"favoritesCount":1}
[11:24:12 24/07/2025] [DEBUG] Request authentication | Meta: {"url":"/cart-update-quantity","method":"POST","isAuthenticated":true,"isAdmin":false,"userId":"6880cf13c0a45f7cb0564636","cartCount":4,"favoritesCount":1}
[11:24:12 24/07/2025] [DEBUG] Request authentication | Meta: {"url":"/cart-update-quantity","method":"POST","isAuthenticated":true,"isAdmin":false,"userId":"6880cf13c0a45f7cb0564636","cartCount":3,"favoritesCount":1}
[11:24:12 24/07/2025] [DEBUG] Request authentication | Meta: {"url":"/cart-update-quantity","method":"POST","isAuthenticated":true,"isAdmin":false,"userId":"6880cf13c0a45f7cb0564636","cartCount":3,"favoritesCount":1}
[11:24:14 24/07/2025] [DEBUG] Request authentication | Meta: {"url":"/","method":"GET","isAuthenticated":true,"isAdmin":false,"userId":"6880cf13c0a45f7cb0564636","cartCount":1,"favoritesCount":1}
[11:24:18 24/07/2025] [DEBUG] Request authentication | Meta: {"url":"/products/687d87faa05db36ab7179d3d","method":"GET","isAuthenticated":true,"isAdmin":false,"userId":"6880cf13c0a45f7cb0564636","cartCount":1,"favoritesCount":1}
[11:24:19 24/07/2025] [DEBUG] Request authentication | Meta: {"url":"/check-stock","method":"POST","isAuthenticated":true,"isAdmin":false,"userId":"6880cf13c0a45f7cb0564636","cartCount":1,"favoritesCount":1}
[11:24:20 24/07/2025] [DEBUG] Request authentication | Meta: {"url":"/cart/add","method":"POST","isAuthenticated":true,"isAdmin":false,"userId":"6880cf13c0a45f7cb0564636","cartCount":1,"favoritesCount":1}
[11:24:22 24/07/2025] [DEBUG] Request authentication | Meta: {"url":"/cart","method":"GET","isAuthenticated":true,"isAdmin":false,"userId":"6880cf13c0a45f7cb0564636","cartCount":2,"favoritesCount":1}
[11:24:28 24/07/2025] [DEBUG] Request authentication | Meta: {"url":"/cart-update-quantity","method":"POST","isAuthenticated":true,"isAdmin":false,"userId":"6880cf13c0a45f7cb0564636","cartCount":2,"favoritesCount":1}
[11:24:29 24/07/2025] [DEBUG] Request authentication | Meta: {"url":"/cart-update-quantity","method":"POST","isAuthenticated":true,"isAdmin":false,"userId":"6880cf13c0a45f7cb0564636","cartCount":3,"favoritesCount":1}
[11:24:30 24/07/2025] [DEBUG] Request authentication | Meta: {"url":"/products","method":"GET","isAuthenticated":true,"isAdmin":false,"userId":"6880cf13c0a45f7cb0564636","cartCount":4,"favoritesCount":1}
[11:24:33 24/07/2025] [DEBUG] Request authentication | Meta: {"url":"/products/687d87f9a05db36ab7179d39","method":"GET","isAuthenticated":true,"isAdmin":false,"userId":"6880cf13c0a45f7cb0564636","cartCount":4,"favoritesCount":1}
[11:24:34 24/07/2025] [DEBUG] Request authentication | Meta: {"url":"/check-stock","method":"POST","isAuthenticated":true,"isAdmin":false,"userId":"6880cf13c0a45f7cb0564636","cartCount":4,"favoritesCount":1}
[11:24:36 24/07/2025] [DEBUG] Request authentication | Meta: {"url":"/cart/add","method":"POST","isAuthenticated":true,"isAdmin":false,"userId":"6880cf13c0a45f7cb0564636","cartCount":4,"favoritesCount":1}
[11:24:37 24/07/2025] [DEBUG] Request authentication | Meta: {"url":"/cart","method":"GET","isAuthenticated":true,"isAdmin":false,"userId":"6880cf13c0a45f7cb0564636","cartCount":5,"favoritesCount":1}
[11:24:44 24/07/2025] [DEBUG] Request authentication | Meta: {"url":"/cart-update-quantity","method":"POST","isAuthenticated":true,"isAdmin":false,"userId":"6880cf13c0a45f7cb0564636","cartCount":5,"favoritesCount":1}
[11:24:49 24/07/2025] [DEBUG] Request authentication | Meta: {"url":"/checkout","method":"GET","isAuthenticated":true,"isAdmin":false,"userId":"6880cf13c0a45f7cb0564636","cartCount":6,"favoritesCount":1}
[11:24:59 24/07/2025] [DEBUG] Request authentication | Meta: {"url":"/validate-coupon","method":"POST","isAuthenticated":true,"isAdmin":false,"userId":"6880cf13c0a45f7cb0564636","cartCount":6,"favoritesCount":1}
[11:25:02 24/07/2025] [DEBUG] Request authentication | Meta: {"url":"/orders","method":"POST","isAuthenticated":true,"isAdmin":false,"userId":"6880cf13c0a45f7cb0564636","cartCount":6,"favoritesCount":1}
[11:25:04 24/07/2025] [DEBUG] Request authentication | Meta: {"url":"/payment-success/6881b59f64b3ffd5187f20d8","method":"GET","isAuthenticated":true,"isAdmin":false,"userId":"6880cf13c0a45f7cb0564636","cartCount":0,"favoritesCount":1}
[11:25:07 24/07/2025] [DEBUG] Request authentication | Meta: {"url":"/","method":"GET","isAuthenticated":true,"isAdmin":false,"userId":"6880cf13c0a45f7cb0564636","cartCount":0,"favoritesCount":1}
[11:25:11 24/07/2025] [DEBUG] Request authentication | Meta: {"url":"/products/687d87faa05db36ab7179d3d","method":"GET","isAuthenticated":true,"isAdmin":false,"userId":"6880cf13c0a45f7cb0564636","cartCount":0,"favoritesCount":1}
[11:25:12 24/07/2025] [DEBUG] Request authentication | Meta: {"url":"/check-stock","method":"POST","isAuthenticated":true,"isAdmin":false,"userId":"6880cf13c0a45f7cb0564636","cartCount":0,"favoritesCount":1}
[11:25:14 24/07/2025] [DEBUG] Request authentication | Meta: {"url":"/cart/add","method":"POST","isAuthenticated":true,"isAdmin":false,"userId":"6880cf13c0a45f7cb0564636","cartCount":0,"favoritesCount":1}
[11:25:16 24/07/2025] [DEBUG] Request authentication | Meta: {"url":"/cart","method":"GET","isAuthenticated":true,"isAdmin":false,"userId":"6880cf13c0a45f7cb0564636","cartCount":3,"favoritesCount":1}
[11:25:18 24/07/2025] [DEBUG] Request authentication | Meta: {"url":"/checkout","method":"GET","isAuthenticated":true,"isAdmin":false,"userId":"6880cf13c0a45f7cb0564636","cartCount":3,"favoritesCount":1}
[11:25:28 24/07/2025] [DEBUG] Request authentication | Meta: {"url":"/validate-coupon","method":"POST","isAuthenticated":true,"isAdmin":false,"userId":"6880cf13c0a45f7cb0564636","cartCount":3,"favoritesCount":1}
[11:25:31 24/07/2025] [DEBUG] Request authentication | Meta: {"url":"/orders","method":"POST","isAuthenticated":true,"isAdmin":false,"userId":"6880cf13c0a45f7cb0564636","cartCount":3,"favoritesCount":1}
[11:25:58 24/07/2025] [DEBUG] Request authentication | Meta: {"url":"/vnpay/return?vnp_Amount=31000000&vnp_BankCode=NCB&vnp_BankTranNo=VNP15095896&vnp_CardType=ATM&vnp_OrderInfo=Thanh+to%C3%A1n+%C4%91%C6%A1n+h%C3%A0ng+6881b5bb64b3ffd5187f20e5&vnp_PayDate=20250724112656&vnp_ResponseCode=00&vnp_TmnCode=UWXDEI4Q&vnp_TransactionNo=15095896&vnp_TransactionStatus=00&vnp_TxnRef=6881b5bb64b3ffd5187f20e5&vnp_SecureHash=cb68d8e3519190d09b455d8a6659e1e2a0364cc443167c228fb63bf9822f2be3e880117b0c6ba99ad3afd997c65bae3f074a39f30137f65e98b63aca0166b581","method":"GET","isAuthenticated":true,"isAdmin":false,"userId":"6880cf13c0a45f7cb0564636","cartCount":0,"favoritesCount":1}
[11:26:38 24/07/2025] [DEBUG] Request authentication | Meta: {"url":"/auth/logout","method":"POST","isAuthenticated":true,"isAdmin":false,"userId":"6880cf13c0a45f7cb0564636","cartCount":0,"favoritesCount":1}
[11:26:38 24/07/2025] [DEBUG] Request authentication | Meta: {"url":"/?logout=success","method":"GET","isAuthenticated":false,"userId":null,"cartCount":0,"favoritesCount":0}
[11:26:41 24/07/2025] [DEBUG] Request authentication | Meta: {"url":"/auth/login","method":"GET","isAuthenticated":false,"userId":null,"cartCount":0,"favoritesCount":0}
[11:26:44 24/07/2025] [DEBUG] Request authentication | Meta: {"url":"/auth/login","method":"POST","isAuthenticated":false,"userId":null,"cartCount":0,"favoritesCount":0}
[11:26:45 24/07/2025] [DEBUG] Request authentication | Meta: {"url":"/","method":"GET","isAuthenticated":true,"isAdmin":false,"userId":"6880cf13c0a45f7cb0564636","cartCount":0,"favoritesCount":1}
[11:26:50 24/07/2025] [DEBUG] Request authentication | Meta: {"url":"/auth/logout","method":"POST","isAuthenticated":true,"isAdmin":false,"userId":"6880cf13c0a45f7cb0564636","cartCount":0,"favoritesCount":1}
[11:26:50 24/07/2025] [DEBUG] Request authentication | Meta: {"url":"/?logout=success","method":"GET","isAuthenticated":false,"userId":null,"cartCount":0,"favoritesCount":0}
[11:26:52 24/07/2025] [DEBUG] Request authentication | Meta: {"url":"/auth/login","method":"GET","isAuthenticated":false,"userId":null,"cartCount":0,"favoritesCount":0}
[11:26:55 24/07/2025] [DEBUG] Request authentication | Meta: {"url":"/auth/login","method":"POST","isAuthenticated":false,"userId":null,"cartCount":0,"favoritesCount":0}
[11:26:56 24/07/2025] [DEBUG] Request authentication | Meta: {"url":"/admin/dashboard","method":"GET","isAuthenticated":true,"isAdmin":true,"userId":"687e0335b9faef90ec9bd13e","cartCount":0,"favoritesCount":0}
[11:27:00 24/07/2025] [DEBUG] Request authentication | Meta: {"url":"/admin/orders","method":"GET","isAuthenticated":true,"isAdmin":true,"userId":"687e0335b9faef90ec9bd13e","cartCount":0,"favoritesCount":0}
[11:27:03 24/07/2025] [DEBUG] Request authentication | Meta: {"url":"/admin/orders/6881b5bb64b3ffd5187f20e5","method":"GET","isAuthenticated":true,"isAdmin":true,"userId":"687e0335b9faef90ec9bd13e","cartCount":0,"favoritesCount":0}
[11:27:06 24/07/2025] [DEBUG] Request authentication | Meta: {"url":"/admin/orders/6881b5bb64b3ffd5187f20e5/update-status","method":"POST","isAuthenticated":true,"isAdmin":true,"userId":"687e0335b9faef90ec9bd13e","cartCount":0,"favoritesCount":0}
[11:27:11 24/07/2025] [DEBUG] Request authentication | Meta: {"url":"/admin/orders/6881b5bb64b3ffd5187f20e5","method":"GET","isAuthenticated":true,"isAdmin":true,"userId":"687e0335b9faef90ec9bd13e","cartCount":0,"favoritesCount":0}
[11:27:19 24/07/2025] [DEBUG] Request authentication | Meta: {"url":"/admin/orders/6881b5bb64b3ffd5187f20e5/update-status","method":"POST","isAuthenticated":true,"isAdmin":true,"userId":"687e0335b9faef90ec9bd13e","cartCount":0,"favoritesCount":0}
[11:27:23 24/07/2025] [DEBUG] Request authentication | Meta: {"url":"/admin/orders/6881b5bb64b3ffd5187f20e5","method":"GET","isAuthenticated":true,"isAdmin":true,"userId":"687e0335b9faef90ec9bd13e","cartCount":0,"favoritesCount":0}
[11:27:38 24/07/2025] [DEBUG] Request authentication | Meta: {"url":"/.well-known/appspecific/com.chrome.devtools.json","method":"GET","isAuthenticated":true,"isAdmin":true,"userId":"687e0335b9faef90ec9bd13e","cartCount":0,"favoritesCount":0}
[11:27:46 24/07/2025] [DEBUG] Request authentication | Meta: {"url":"/admin/orders/6881b5bb64b3ffd5187f20e5/update-status","method":"POST","isAuthenticated":true,"isAdmin":true,"userId":"687e0335b9faef90ec9bd13e","cartCount":0,"favoritesCount":0}
[11:27:51 24/07/2025] [DEBUG] Request authentication | Meta: {"url":"/admin/orders/6881b5bb64b3ffd5187f20e5","method":"GET","isAuthenticated":true,"isAdmin":true,"userId":"687e0335b9faef90ec9bd13e","cartCount":0,"favoritesCount":0}
[11:27:52 24/07/2025] [DEBUG] Request authentication | Meta: {"url":"/.well-known/appspecific/com.chrome.devtools.json","method":"GET","isAuthenticated":true,"isAdmin":true,"userId":"687e0335b9faef90ec9bd13e","cartCount":0,"favoritesCount":0}
[11:29:47 24/07/2025] [DEBUG] Request authentication | Meta: {"url":"/admin/orders","method":"GET","isAuthenticated":true,"isAdmin":true,"userId":"687e0335b9faef90ec9bd13e","cartCount":0,"favoritesCount":0}
[11:29:50 24/07/2025] [DEBUG] Request authentication | Meta: {"url":"/admin/orders/6881b59f64b3ffd5187f20d8","method":"GET","isAuthenticated":true,"isAdmin":true,"userId":"687e0335b9faef90ec9bd13e","cartCount":0,"favoritesCount":0}
[11:29:52 24/07/2025] [DEBUG] Request authentication | Meta: {"url":"/admin/orders/6881b59f64b3ffd5187f20d8/update-status","method":"POST","isAuthenticated":true,"isAdmin":true,"userId":"687e0335b9faef90ec9bd13e","cartCount":0,"favoritesCount":0}
[11:29:56 24/07/2025] [DEBUG] Request authentication | Meta: {"url":"/admin/orders/6881b59f64b3ffd5187f20d8","method":"GET","isAuthenticated":true,"isAdmin":true,"userId":"687e0335b9faef90ec9bd13e","cartCount":0,"favoritesCount":0}
[11:30:12 24/07/2025] [DEBUG] Request authentication | Meta: {"url":"/admin/orders/6881b59f64b3ffd5187f20d8/update-status","method":"POST","isAuthenticated":true,"isAdmin":true,"userId":"687e0335b9faef90ec9bd13e","cartCount":0,"favoritesCount":0}
[11:30:16 24/07/2025] [DEBUG] Request authentication | Meta: {"url":"/admin/orders/6881b59f64b3ffd5187f20d8","method":"GET","isAuthenticated":true,"isAdmin":true,"userId":"687e0335b9faef90ec9bd13e","cartCount":0,"favoritesCount":0}
[11:30:26 24/07/2025] [DEBUG] Request authentication | Meta: {"url":"/admin/orders/6881b59f64b3ffd5187f20d8/update-status","method":"POST","isAuthenticated":true,"isAdmin":true,"userId":"687e0335b9faef90ec9bd13e","cartCount":0,"favoritesCount":0}
[11:30:30 24/07/2025] [DEBUG] Request authentication | Meta: {"url":"/admin/orders/6881b59f64b3ffd5187f20d8","method":"GET","isAuthenticated":true,"isAdmin":true,"userId":"687e0335b9faef90ec9bd13e","cartCount":0,"favoritesCount":0}
[11:30:42 24/07/2025] [DEBUG] Request authentication | Meta: {"url":"/admin/orders","method":"GET","isAuthenticated":true,"isAdmin":true,"userId":"687e0335b9faef90ec9bd13e","cartCount":0,"favoritesCount":0}
[11:30:44 24/07/2025] [DEBUG] Request authentication | Meta: {"url":"/admin/reviews","method":"GET","isAuthenticated":true,"isAdmin":true,"userId":"687e0335b9faef90ec9bd13e","cartCount":0,"favoritesCount":0}
[11:30:45 24/07/2025] [DEBUG] Request authentication | Meta: {"url":"/admin/coupons","method":"GET","isAuthenticated":true,"isAdmin":true,"userId":"687e0335b9faef90ec9bd13e","cartCount":0,"favoritesCount":0}
[11:30:56 24/07/2025] [DEBUG] Request authentication | Meta: {"url":"/admin/reviews","method":"GET","isAuthenticated":true,"isAdmin":true,"userId":"687e0335b9faef90ec9bd13e","cartCount":0,"favoritesCount":0}
[11:30:58 24/07/2025] [DEBUG] Request authentication | Meta: {"url":"/admin/coupons","method":"GET","isAuthenticated":true,"isAdmin":true,"userId":"687e0335b9faef90ec9bd13e","cartCount":0,"favoritesCount":0}
[11:31:10 24/07/2025] [DEBUG] Request authentication | Meta: {"url":"/admin/coupons/688107066e9ddb2b696d66f0/edit","method":"GET","isAuthenticated":true,"isAdmin":true,"userId":"687e0335b9faef90ec9bd13e","cartCount":0,"favoritesCount":0}
[11:33:07 24/07/2025] [DEBUG] Request authentication | Meta: {"url":"/admin/contacts","method":"GET","isAuthenticated":true,"isAdmin":true,"userId":"687e0335b9faef90ec9bd13e","cartCount":0,"favoritesCount":0}
[11:33:08 24/07/2025] [DEBUG] Request authentication | Meta: {"url":"/admin/contacts/stats","method":"GET","isAuthenticated":true,"isAdmin":true,"userId":"687e0335b9faef90ec9bd13e","cartCount":0,"favoritesCount":0}
[11:33:08 24/07/2025] [DEBUG] Request authentication | Meta: {"url":"/admin/contacts/data?page=1&limit=10&tab=all&search=&status=&sort=newest","method":"GET","isAuthenticated":true,"isAdmin":true,"userId":"687e0335b9faef90ec9bd13e","cartCount":0,"favoritesCount":0}
[11:34:49 24/07/2025] [DEBUG] Request authentication | Meta: {"url":"/","method":"GET","isAuthenticated":true,"isAdmin":true,"userId":"687e0335b9faef90ec9bd13e","cartCount":0,"favoritesCount":0}
[11:34:50 24/07/2025] [DEBUG] Request authentication | Meta: {"url":"/admin/dashboard","method":"GET","isAuthenticated":true,"isAdmin":true,"userId":"687e0335b9faef90ec9bd13e","cartCount":0,"favoritesCount":0}
[11:34:53 24/07/2025] [DEBUG] Request authentication | Meta: {"url":"/admin/orders","method":"GET","isAuthenticated":true,"isAdmin":true,"userId":"687e0335b9faef90ec9bd13e","cartCount":0,"favoritesCount":0}
[11:35:00 24/07/2025] [DEBUG] Request authentication | Meta: {"url":"/admin/orders/6881b5bb64b3ffd5187f20e5","method":"GET","isAuthenticated":true,"isAdmin":true,"userId":"687e0335b9faef90ec9bd13e","cartCount":0,"favoritesCount":0}
[11:35:43 24/07/2025] [DEBUG] Request authentication | Meta: {"url":"/admin/orders/6881b5bb64b3ffd5187f20e5/download-invoice","method":"GET","isAuthenticated":true,"isAdmin":true,"userId":"687e0335b9faef90ec9bd13e","cartCount":0,"favoritesCount":0}
[11:35:51 24/07/2025] [DEBUG] Request authentication | Meta: {"url":"/admin/orders/6881b5bb64b3ffd5187f20e5/resend-invoice","method":"POST","isAuthenticated":true,"isAdmin":true,"userId":"687e0335b9faef90ec9bd13e","cartCount":0,"favoritesCount":0}
[11:36:13 24/07/2025] [DEBUG] Request authentication | Meta: {"url":"/auth/logout","method":"POST","isAuthenticated":true,"isAdmin":true,"userId":"687e0335b9faef90ec9bd13e","cartCount":0,"favoritesCount":0}
[11:36:13 24/07/2025] [DEBUG] Request authentication | Meta: {"url":"/?logout=success","method":"GET","isAuthenticated":false,"userId":null,"cartCount":0,"favoritesCount":0}
[11:36:15 24/07/2025] [DEBUG] Request authentication | Meta: {"url":"/auth/login","method":"GET","isAuthenticated":false,"userId":null,"cartCount":0,"favoritesCount":0}
[11:36:17 24/07/2025] [DEBUG] Request authentication | Meta: {"url":"/auth/login","method":"POST","isAuthenticated":false,"userId":null,"cartCount":0,"favoritesCount":0}
[11:36:18 24/07/2025] [DEBUG] Request authentication | Meta: {"url":"/","method":"GET","isAuthenticated":true,"isAdmin":false,"userId":"6880cf13c0a45f7cb0564636","cartCount":0,"favoritesCount":1}
[11:36:22 24/07/2025] [DEBUG] Request authentication | Meta: {"url":"/products/687d87faa05db36ab7179d3e","method":"GET","isAuthenticated":true,"isAdmin":false,"userId":"6880cf13c0a45f7cb0564636","cartCount":0,"favoritesCount":1}
[11:36:23 24/07/2025] [DEBUG] Request authentication | Meta: {"url":"/check-stock","method":"POST","isAuthenticated":true,"isAdmin":false,"userId":"6880cf13c0a45f7cb0564636","cartCount":0,"favoritesCount":1}
[11:36:25 24/07/2025] [DEBUG] Request authentication | Meta: {"url":"/cart/add","method":"POST","isAuthenticated":true,"isAdmin":false,"userId":"6880cf13c0a45f7cb0564636","cartCount":0,"favoritesCount":1}
[11:36:27 24/07/2025] [DEBUG] Request authentication | Meta: {"url":"/cart","method":"GET","isAuthenticated":true,"isAdmin":false,"userId":"6880cf13c0a45f7cb0564636","cartCount":2,"favoritesCount":1}
[11:36:29 24/07/2025] [DEBUG] Request authentication | Meta: {"url":"/checkout","method":"GET","isAuthenticated":true,"isAdmin":false,"userId":"6880cf13c0a45f7cb0564636","cartCount":2,"favoritesCount":1}
[11:36:42 24/07/2025] [DEBUG] Request authentication | Meta: {"url":"/validate-coupon","method":"POST","isAuthenticated":true,"isAdmin":false,"userId":"6880cf13c0a45f7cb0564636","cartCount":2,"favoritesCount":1}
[11:36:47 24/07/2025] [DEBUG] Request authentication | Meta: {"url":"/orders","method":"POST","isAuthenticated":true,"isAdmin":false,"userId":"6880cf13c0a45f7cb0564636","cartCount":2,"favoritesCount":1}
[11:37:16 24/07/2025] [DEBUG] Request authentication | Meta: {"url":"/vnpay/return?vnp_Amount=77500000&vnp_BankCode=NCB&vnp_BankTranNo=VNP15095930&vnp_CardType=ATM&vnp_OrderInfo=Thanh+to%C3%A1n+%C4%91%C6%A1n+h%C3%A0ng+6881b85f9063c5f0157d31d8&vnp_PayDate=20250724113815&vnp_ResponseCode=00&vnp_TmnCode=UWXDEI4Q&vnp_TransactionNo=15095930&vnp_TransactionStatus=00&vnp_TxnRef=6881b85f9063c5f0157d31d8&vnp_SecureHash=d904d892e6a7e935142605e280a56005618249cbf51ff5a687010adf7be693ad4e6e850b7925802196a869bc835af2d3c258ee46a90bc15c6ba342008cd9c477","method":"GET","isAuthenticated":true,"isAdmin":false,"userId":"6880cf13c0a45f7cb0564636","cartCount":0,"favoritesCount":1}
[11:37:25 24/07/2025] [DEBUG] Request authentication | Meta: {"url":"/auth/logout","method":"POST","isAuthenticated":true,"isAdmin":false,"userId":"6880cf13c0a45f7cb0564636","cartCount":0,"favoritesCount":1}
[11:37:25 24/07/2025] [DEBUG] Request authentication | Meta: {"url":"/?logout=success","method":"GET","isAuthenticated":false,"userId":null,"cartCount":0,"favoritesCount":0}
[11:37:28 24/07/2025] [DEBUG] Request authentication | Meta: {"url":"/auth/login","method":"GET","isAuthenticated":false,"userId":null,"cartCount":0,"favoritesCount":0}
[11:37:31 24/07/2025] [DEBUG] Request authentication | Meta: {"url":"/auth/login","method":"POST","isAuthenticated":false,"userId":null,"cartCount":0,"favoritesCount":0}
[11:37:31 24/07/2025] [DEBUG] Request authentication | Meta: {"url":"/admin/dashboard","method":"GET","isAuthenticated":true,"isAdmin":true,"userId":"687e0335b9faef90ec9bd13e","cartCount":0,"favoritesCount":0}
[11:37:35 24/07/2025] [DEBUG] Request authentication | Meta: {"url":"/admin/orders","method":"GET","isAuthenticated":true,"isAdmin":true,"userId":"687e0335b9faef90ec9bd13e","cartCount":0,"favoritesCount":0}
[11:37:42 24/07/2025] [DEBUG] Request authentication | Meta: {"url":"/admin/orders/6881b85f9063c5f0157d31d8","method":"GET","isAuthenticated":true,"isAdmin":true,"userId":"687e0335b9faef90ec9bd13e","cartCount":0,"favoritesCount":0}
[11:37:44 24/07/2025] [DEBUG] Request authentication | Meta: {"url":"/admin/orders/6881b85f9063c5f0157d31d8/update-status","method":"POST","isAuthenticated":true,"isAdmin":true,"userId":"687e0335b9faef90ec9bd13e","cartCount":0,"favoritesCount":0}
[11:37:49 24/07/2025] [DEBUG] Request authentication | Meta: {"url":"/admin/orders/6881b85f9063c5f0157d31d8","method":"GET","isAuthenticated":true,"isAdmin":true,"userId":"687e0335b9faef90ec9bd13e","cartCount":0,"favoritesCount":0}
[11:38:02 24/07/2025] [DEBUG] Request authentication | Meta: {"url":"/admin/orders/6881b85f9063c5f0157d31d8/update-status","method":"POST","isAuthenticated":true,"isAdmin":true,"userId":"687e0335b9faef90ec9bd13e","cartCount":0,"favoritesCount":0}
[11:38:05 24/07/2025] [DEBUG] Request authentication | Meta: {"url":"/admin/orders/6881b85f9063c5f0157d31d8","method":"GET","isAuthenticated":true,"isAdmin":true,"userId":"687e0335b9faef90ec9bd13e","cartCount":0,"favoritesCount":0}
[11:38:18 24/07/2025] [DEBUG] Request authentication | Meta: {"url":"/admin/orders/6881b85f9063c5f0157d31d8/update-status","method":"POST","isAuthenticated":true,"isAdmin":true,"userId":"687e0335b9faef90ec9bd13e","cartCount":0,"favoritesCount":0}
[11:38:22 24/07/2025] [DEBUG] Request authentication | Meta: {"url":"/admin/orders/6881b85f9063c5f0157d31d8","method":"GET","isAuthenticated":true,"isAdmin":true,"userId":"687e0335b9faef90ec9bd13e","cartCount":0,"favoritesCount":0}
[11:38:49 24/07/2025] [DEBUG] Request authentication | Meta: {"url":"/admin/coupons","method":"GET","isAuthenticated":true,"isAdmin":true,"userId":"687e0335b9faef90ec9bd13e","cartCount":0,"favoritesCount":0}
[11:38:57 24/07/2025] [DEBUG] Request authentication | Meta: {"url":"/admin/coupons","method":"GET","isAuthenticated":true,"isAdmin":true,"userId":"687e0335b9faef90ec9bd13e","cartCount":0,"favoritesCount":0}
[11:39:23 24/07/2025] [DEBUG] Request authentication | Meta: {"url":"/admin/orders","method":"GET","isAuthenticated":true,"isAdmin":true,"userId":"687e0335b9faef90ec9bd13e","cartCount":0,"favoritesCount":0}
[11:39:36 24/07/2025] [DEBUG] Request authentication | Meta: {"url":"/admin/coupons","method":"GET","isAuthenticated":true,"isAdmin":true,"userId":"687e0335b9faef90ec9bd13e","cartCount":0,"favoritesCount":0}
[11:40:00 24/07/2025] [DEBUG] Request authentication | Meta: {"url":"/auth/logout","method":"POST","isAuthenticated":true,"isAdmin":true,"userId":"687e0335b9faef90ec9bd13e","cartCount":0,"favoritesCount":0}
[11:40:00 24/07/2025] [DEBUG] Request authentication | Meta: {"url":"/?logout=success","method":"GET","isAuthenticated":false,"userId":null,"cartCount":0,"favoritesCount":0}
[11:40:04 24/07/2025] [DEBUG] Request authentication | Meta: {"url":"/auth/login","method":"GET","isAuthenticated":false,"userId":null,"cartCount":0,"favoritesCount":0}
[11:40:07 24/07/2025] [DEBUG] Request authentication | Meta: {"url":"/auth/login","method":"POST","isAuthenticated":false,"userId":null,"cartCount":0,"favoritesCount":0}
[11:40:08 24/07/2025] [DEBUG] Request authentication | Meta: {"url":"/","method":"GET","isAuthenticated":true,"isAdmin":false,"userId":"6880cf13c0a45f7cb0564636","cartCount":0,"favoritesCount":1}
[11:40:14 24/07/2025] [DEBUG] Request authentication | Meta: {"url":"/products","method":"GET","isAuthenticated":true,"isAdmin":false,"userId":"6880cf13c0a45f7cb0564636","cartCount":0,"favoritesCount":1}
[11:40:26 24/07/2025] [DEBUG] Request authentication | Meta: {"url":"/products?page=2","method":"GET","isAuthenticated":true,"isAdmin":false,"userId":"6880cf13c0a45f7cb0564636","cartCount":0,"favoritesCount":1}
[11:40:39 24/07/2025] [DEBUG] Request authentication | Meta: {"url":"/cart/add","method":"POST","isAuthenticated":true,"isAdmin":false,"userId":"6880cf13c0a45f7cb0564636","cartCount":0,"favoritesCount":1}
[11:40:40 24/07/2025] [DEBUG] Request authentication | Meta: {"url":"/cart/add","method":"POST","isAuthenticated":true,"isAdmin":false,"userId":"6880cf13c0a45f7cb0564636","cartCount":1,"favoritesCount":1}
[11:40:55 24/07/2025] [DEBUG] Request authentication | Meta: {"url":"/cart","method":"GET","isAuthenticated":true,"isAdmin":false,"userId":"6880cf13c0a45f7cb0564636","cartCount":2,"favoritesCount":1}
[11:41:02 24/07/2025] [DEBUG] Request authentication | Meta: {"url":"/checkout","method":"GET","isAuthenticated":true,"isAdmin":false,"userId":"6880cf13c0a45f7cb0564636","cartCount":2,"favoritesCount":1}
[11:41:12 24/07/2025] [DEBUG] Request authentication | Meta: {"url":"/validate-coupon","method":"POST","isAuthenticated":true,"isAdmin":false,"userId":"6880cf13c0a45f7cb0564636","cartCount":2,"favoritesCount":1}
[11:41:17 24/07/2025] [DEBUG] Request authentication | Meta: {"url":"/orders","method":"POST","isAuthenticated":true,"isAdmin":false,"userId":"6880cf13c0a45f7cb0564636","cartCount":2,"favoritesCount":1}
[11:41:18 24/07/2025] [DEBUG] Request authentication | Meta: {"url":"/payment-success/6881b96d9063c5f0157d31fd","method":"GET","isAuthenticated":true,"isAdmin":false,"userId":"6880cf13c0a45f7cb0564636","cartCount":0,"favoritesCount":1}
[11:41:21 24/07/2025] [DEBUG] Request authentication | Meta: {"url":"/auth/logout","method":"POST","isAuthenticated":true,"isAdmin":false,"userId":"6880cf13c0a45f7cb0564636","cartCount":0,"favoritesCount":1}
[11:41:21 24/07/2025] [DEBUG] Request authentication | Meta: {"url":"/?logout=success","method":"GET","isAuthenticated":false,"userId":null,"cartCount":0,"favoritesCount":0}
[11:41:23 24/07/2025] [DEBUG] Request authentication | Meta: {"url":"/auth/login","method":"GET","isAuthenticated":false,"userId":null,"cartCount":0,"favoritesCount":0}
[11:41:28 24/07/2025] [DEBUG] Request authentication | Meta: {"url":"/auth/login","method":"POST","isAuthenticated":false,"userId":null,"cartCount":0,"favoritesCount":0}
[11:41:28 24/07/2025] [DEBUG] Request authentication | Meta: {"url":"/admin/dashboard","method":"GET","isAuthenticated":true,"isAdmin":true,"userId":"687e0335b9faef90ec9bd13e","cartCount":0,"favoritesCount":0}
[11:41:32 24/07/2025] [DEBUG] Request authentication | Meta: {"url":"/admin/coupons","method":"GET","isAuthenticated":true,"isAdmin":true,"userId":"687e0335b9faef90ec9bd13e","cartCount":0,"favoritesCount":0}
[19:57:24 24/07/2025] [DEBUG] Request authentication | Meta: {"url":"/","method":"GET","isAuthenticated":true,"isAdmin":true,"userId":"687e0335b9faef90ec9bd13e","cartCount":0,"favoritesCount":0}
[19:57:24 24/07/2025] [DEBUG] Request authentication | Meta: {"url":"/admin/dashboard","method":"GET","isAuthenticated":true,"isAdmin":true,"userId":"687e0335b9faef90ec9bd13e","cartCount":0,"favoritesCount":0}
[19:57:28 24/07/2025] [DEBUG] Request authentication | Meta: {"url":"/admin/products","method":"GET","isAuthenticated":true,"isAdmin":true,"userId":"687e0335b9faef90ec9bd13e","cartCount":0,"favoritesCount":0}
[19:57:28 24/07/2025] [DEBUG] Request authentication | Meta: {"url":"/public/images/products/aaa-1753358224170-400352840.png","method":"GET","isAuthenticated":true,"isAdmin":true,"userId":"687e0335b9faef90ec9bd13e","cartCount":0,"favoritesCount":0}
[19:57:29 24/07/2025] [DEBUG] Request authentication | Meta: {"url":"/public/images/products/invoice-1753358786747-21326477.JPG","method":"GET","isAuthenticated":true,"isAdmin":true,"userId":"687e0335b9faef90ec9bd13e","cartCount":0,"favoritesCount":0}
[19:57:32 24/07/2025] [DEBUG] Request authentication | Meta: {"url":"/admin/edit-product/68822b3ac02cbd695d9cc1b4?edit=true","method":"GET","isAuthenticated":true,"isAdmin":true,"userId":"687e0335b9faef90ec9bd13e","cartCount":0,"favoritesCount":0}
[19:57:41 24/07/2025] [DEBUG] Request authentication | Meta: {"url":"/admin/edit-product","method":"POST","isAuthenticated":true,"isAdmin":true,"userId":"687e0335b9faef90ec9bd13e","cartCount":0,"favoritesCount":0}
[19:57:42 24/07/2025] [DEBUG] Request authentication | Meta: {"url":"/admin/products","method":"GET","isAuthenticated":true,"isAdmin":true,"userId":"687e0335b9faef90ec9bd13e","cartCount":0,"favoritesCount":0}
[19:57:42 24/07/2025] [DEBUG] Request authentication | Meta: {"url":"/public/images/products/invoice-1753358786747-21326477.JPG","method":"GET","isAuthenticated":true,"isAdmin":true,"userId":"687e0335b9faef90ec9bd13e","cartCount":0,"favoritesCount":0}
[19:57:42 24/07/2025] [DEBUG] Request authentication | Meta: {"url":"/public/images/products/aaa-1753358224170-400352840.png","method":"GET","isAuthenticated":true,"isAdmin":true,"userId":"687e0335b9faef90ec9bd13e","cartCount":0,"favoritesCount":0}
[19:57:47 24/07/2025] [DEBUG] Request authentication | Meta: {"url":"/admin/products","method":"GET","isAuthenticated":true,"isAdmin":true,"userId":"687e0335b9faef90ec9bd13e","cartCount":0,"favoritesCount":0}
[19:57:48 24/07/2025] [DEBUG] Request authentication | Meta: {"url":"/public/images/products/invoice-1753358786747-21326477.JPG","method":"GET","isAuthenticated":true,"isAdmin":true,"userId":"687e0335b9faef90ec9bd13e","cartCount":0,"favoritesCount":0}
[19:57:48 24/07/2025] [DEBUG] Request authentication | Meta: {"url":"/public/images/products/aaa-1753358224170-400352840.png","method":"GET","isAuthenticated":true,"isAdmin":true,"userId":"687e0335b9faef90ec9bd13e","cartCount":0,"favoritesCount":0}
[19:57:55 24/07/2025] [DEBUG] Request authentication | Meta: {"url":"/","method":"GET","isAuthenticated":true,"isAdmin":false,"userId":"6881a7c6c80704b27d1ef52b","cartCount":0,"favoritesCount":2}
[19:57:56 24/07/2025] [DEBUG] Request authentication | Meta: {"url":"/public/images/products/invoice-1753358786747-21326477.JPG","method":"GET","isAuthenticated":true,"isAdmin":false,"userId":"6881a7c6c80704b27d1ef52b","cartCount":0,"favoritesCount":2}
[19:57:56 24/07/2025] [DEBUG] Request authentication | Meta: {"url":"/public/images/products/aaa-1753358224170-400352840.png","method":"GET","isAuthenticated":true,"isAdmin":false,"userId":"6881a7c6c80704b27d1ef52b","cartCount":0,"favoritesCount":2}
[19:58:03 24/07/2025] [DEBUG] Request authentication | Meta: {"url":"/products/68822b3ac02cbd695d9cc1b4","method":"GET","isAuthenticated":true,"isAdmin":false,"userId":"6881a7c6c80704b27d1ef52b","cartCount":0,"favoritesCount":2}
[19:58:04 24/07/2025] [DEBUG] Request authentication | Meta: {"url":"/public/images/products/invoice-1753358786747-21326477.JPG","method":"GET","isAuthenticated":true,"isAdmin":false,"userId":"6881a7c6c80704b27d1ef52b","cartCount":0,"favoritesCount":2}
[19:58:04 24/07/2025] [DEBUG] Request authentication | Meta: {"url":"/check-stock","method":"POST","isAuthenticated":true,"isAdmin":false,"userId":"6881a7c6c80704b27d1ef52b","cartCount":0,"favoritesCount":2}
[19:58:24 24/07/2025] [DEBUG] Request authentication | Meta: {"url":"/admin/edit-product/6880cc0aea3f2e362acf1ae5?edit=true","method":"GET","isAuthenticated":true,"isAdmin":true,"userId":"687e0335b9faef90ec9bd13e","cartCount":0,"favoritesCount":0}
[19:58:24 24/07/2025] [DEBUG] Request authentication | Meta: {"url":"/public/images/products/aaa-1753358224170-400352840.png","method":"GET","isAuthenticated":true,"isAdmin":true,"userId":"687e0335b9faef90ec9bd13e","cartCount":0,"favoritesCount":0}
[19:58:29 24/07/2025] [DEBUG] Request authentication | Meta: {"url":"/admin/edit-product","method":"POST","isAuthenticated":true,"isAdmin":true,"userId":"687e0335b9faef90ec9bd13e","cartCount":0,"favoritesCount":0}
[19:58:30 24/07/2025] [DEBUG] Request authentication | Meta: {"url":"/admin/products","method":"GET","isAuthenticated":true,"isAdmin":true,"userId":"687e0335b9faef90ec9bd13e","cartCount":0,"favoritesCount":0}
[19:58:30 24/07/2025] [DEBUG] Request authentication | Meta: {"url":"/public/images/products/aaa-1753358224170-400352840.png","method":"GET","isAuthenticated":true,"isAdmin":true,"userId":"687e0335b9faef90ec9bd13e","cartCount":0,"favoritesCount":0}
[19:58:31 24/07/2025] [DEBUG] Request authentication | Meta: {"url":"/public/images/products/invoice-1753358786747-21326477.JPG","method":"GET","isAuthenticated":true,"isAdmin":true,"userId":"687e0335b9faef90ec9bd13e","cartCount":0,"favoritesCount":0}
[19:58:40 24/07/2025] [DEBUG] Request authentication | Meta: {"url":"/","method":"GET","isAuthenticated":true,"isAdmin":false,"userId":"6881a7c6c80704b27d1ef52b","cartCount":0,"favoritesCount":2}
[19:58:40 24/07/2025] [DEBUG] Request authentication | Meta: {"url":"/public/images/products/aaa-1753358224170-400352840.png","method":"GET","isAuthenticated":true,"isAdmin":false,"userId":"6881a7c6c80704b27d1ef52b","cartCount":0,"favoritesCount":2}
[19:58:40 24/07/2025] [DEBUG] Request authentication | Meta: {"url":"/public/images/products/invoice-1753358786747-21326477.JPG","method":"GET","isAuthenticated":true,"isAdmin":false,"userId":"6881a7c6c80704b27d1ef52b","cartCount":0,"favoritesCount":2}
[19:58:41 24/07/2025] [DEBUG] Request authentication | Meta: {"url":"/products","method":"GET","isAuthenticated":true,"isAdmin":false,"userId":"6881a7c6c80704b27d1ef52b","cartCount":0,"favoritesCount":2}
[19:58:42 24/07/2025] [DEBUG] Request authentication | Meta: {"url":"/public/images/products/invoice-1753358786747-21326477.JPG","method":"GET","isAuthenticated":true,"isAdmin":false,"userId":"6881a7c6c80704b27d1ef52b","cartCount":0,"favoritesCount":2}
[19:58:42 24/07/2025] [DEBUG] Request authentication | Meta: {"url":"/public/images/products/aaa-1753358224170-400352840.png","method":"GET","isAuthenticated":true,"isAdmin":false,"userId":"6881a7c6c80704b27d1ef52b","cartCount":0,"favoritesCount":2}
[19:58:44 24/07/2025] [DEBUG] Request authentication | Meta: {"url":"/products/6880cc0aea3f2e362acf1ae5","method":"GET","isAuthenticated":true,"isAdmin":false,"userId":"6881a7c6c80704b27d1ef52b","cartCount":0,"favoritesCount":2}
[19:58:45 24/07/2025] [DEBUG] Request authentication | Meta: {"url":"/public/images/products/aaa-1753358224170-400352840.png","method":"GET","isAuthenticated":true,"isAdmin":false,"userId":"6881a7c6c80704b27d1ef52b","cartCount":0,"favoritesCount":2}
[19:58:45 24/07/2025] [DEBUG] Request authentication | Meta: {"url":"/check-stock","method":"POST","isAuthenticated":true,"isAdmin":false,"userId":"6881a7c6c80704b27d1ef52b","cartCount":0,"favoritesCount":2}
[19:59:13 24/07/2025] [DEBUG] Request authentication | Meta: {"url":"/admin/edit-product/68822b3ac02cbd695d9cc1b4?edit=true","method":"GET","isAuthenticated":true,"isAdmin":true,"userId":"687e0335b9faef90ec9bd13e","cartCount":0,"favoritesCount":0}
[19:59:22 24/07/2025] [DEBUG] Request authentication | Meta: {"url":"/admin/edit-product","method":"POST","isAuthenticated":true,"isAdmin":true,"userId":"687e0335b9faef90ec9bd13e","cartCount":0,"favoritesCount":0}
[19:59:22 24/07/2025] [DEBUG] Request authentication | Meta: {"url":"/admin/products","method":"GET","isAuthenticated":true,"isAdmin":true,"userId":"687e0335b9faef90ec9bd13e","cartCount":0,"favoritesCount":0}
[19:59:22 24/07/2025] [DEBUG] Request authentication | Meta: {"url":"/public/images/products/aaa-1753358224170-400352840.png","method":"GET","isAuthenticated":true,"isAdmin":true,"userId":"687e0335b9faef90ec9bd13e","cartCount":0,"favoritesCount":0}
[19:59:22 24/07/2025] [DEBUG] Request authentication | Meta: {"url":"/public/images/products/invoice-1753358786747-21326477.JPG","method":"GET","isAuthenticated":true,"isAdmin":true,"userId":"687e0335b9faef90ec9bd13e","cartCount":0,"favoritesCount":0}
[20:00:56 24/07/2025] [DEBUG] Request authentication | Meta: {"url":"/admin/edit-product/687d87faa05db36ab7179d41?edit=true","method":"GET","isAuthenticated":true,"isAdmin":true,"userId":"687e0335b9faef90ec9bd13e","cartCount":0,"favoritesCount":0}
[20:01:04 24/07/2025] [DEBUG] Request authentication | Meta: {"url":"/admin/edit-product","method":"POST","isAuthenticated":true,"isAdmin":true,"userId":"687e0335b9faef90ec9bd13e","cartCount":0,"favoritesCount":0}
[20:01:04 24/07/2025] [DEBUG] Request authentication | Meta: {"url":"/admin/products","method":"GET","isAuthenticated":true,"isAdmin":true,"userId":"687e0335b9faef90ec9bd13e","cartCount":0,"favoritesCount":0}
[20:01:05 24/07/2025] [DEBUG] Request authentication | Meta: {"url":"/public/images/products/aaa-1753358224170-400352840.png","method":"GET","isAuthenticated":true,"isAdmin":true,"userId":"687e0335b9faef90ec9bd13e","cartCount":0,"favoritesCount":0}
[20:01:05 24/07/2025] [DEBUG] Request authentication | Meta: {"url":"/public/images/products/invoice-1753358786747-21326477.JPG","method":"GET","isAuthenticated":true,"isAdmin":true,"userId":"687e0335b9faef90ec9bd13e","cartCount":0,"favoritesCount":0}
[20:01:12 24/07/2025] [DEBUG] Request authentication | Meta: {"url":"/","method":"GET","isAuthenticated":true,"isAdmin":false,"userId":"6881a7c6c80704b27d1ef52b","cartCount":0,"favoritesCount":2}
[20:01:13 24/07/2025] [DEBUG] Request authentication | Meta: {"url":"/public/images/products/invoice-1753358786747-21326477.JPG","method":"GET","isAuthenticated":true,"isAdmin":false,"userId":"6881a7c6c80704b27d1ef52b","cartCount":0,"favoritesCount":2}
[20:01:13 24/07/2025] [DEBUG] Request authentication | Meta: {"url":"/public/images/products/aaa-1753358224170-400352840.png","method":"GET","isAuthenticated":true,"isAdmin":false,"userId":"6881a7c6c80704b27d1ef52b","cartCount":0,"favoritesCount":2}
[20:01:16 24/07/2025] [DEBUG] Request authentication | Meta: {"url":"/products?category=small-pets","method":"GET","isAuthenticated":true,"isAdmin":false,"userId":"6881a7c6c80704b27d1ef52b","cartCount":0,"favoritesCount":2}
[20:01:18 24/07/2025] [DEBUG] Request authentication | Meta: {"url":"/products/687d87faa05db36ab7179d41","method":"GET","isAuthenticated":true,"isAdmin":false,"userId":"6881a7c6c80704b27d1ef52b","cartCount":0,"favoritesCount":2}
[20:01:19 24/07/2025] [DEBUG] Request authentication | Meta: {"url":"/check-stock","method":"POST","isAuthenticated":true,"isAdmin":false,"userId":"6881a7c6c80704b27d1ef52b","cartCount":0,"favoritesCount":2}
